{"/Users/bilalmac2/adhan-api/api/prayerTimes.js": {"path":"/Users/bilalmac2/adhan-api/api/prayerTimes.js","statementMap":{"0":{"start":{"line":5,"column":2},"end":{"line":47,"column":3}},"1":{"start":{"line":6,"column":30},"end":{"line":6,"column":39}},"2":{"start":{"line":7,"column":19},"end":{"line":7,"column":101}},"3":{"start":{"line":9,"column":21},"end":{"line":9,"column":44}},"4":{"start":{"line":10,"column":20},"end":{"line":10,"column":46}},"5":{"start":{"line":13,"column":21},"end":{"line":13,"column":72}},"6":{"start":{"line":14,"column":16},"end":{"line":14,"column":48}},"7":{"start":{"line":16,"column":24},"end":{"line":22,"column":5}},"8":{"start":{"line":25,"column":21},"end":{"line":25,"column":25}},"9":{"start":{"line":26,"column":4},"end":{"line":31,"column":5}},"10":{"start":{"line":27,"column":6},"end":{"line":30,"column":7}},"11":{"start":{"line":28,"column":8},"end":{"line":28,"column":62}},"12":{"start":{"line":29,"column":8},"end":{"line":29,"column":14}},"13":{"start":{"line":34,"column":4},"end":{"line":36,"column":5}},"14":{"start":{"line":35,"column":6},"end":{"line":35,"column":98}},"15":{"start":{"line":38,"column":4},"end":{"line":43,"column":7}},"16":{"start":{"line":40,"column":58},"end":{"line":40,"column":90}},"17":{"start":{"line":45,"column":4},"end":{"line":45,"column":57}},"18":{"start":{"line":46,"column":4},"end":{"line":46,"column":68}}},"fnMap":{"0":{"name":"handler","decl":{"start":{"line":4,"column":30},"end":{"line":4,"column":37}},"loc":{"start":{"line":4,"column":48},"end":{"line":48,"column":1}},"line":4},"1":{"name":"(anonymous_1)","decl":{"start":{"line":40,"column":40},"end":{"line":40,"column":41}},"loc":{"start":{"line":40,"column":58},"end":{"line":40,"column":90}},"line":40}},"branchMap":{"0":{"loc":{"start":{"line":13,"column":21},"end":{"line":13,"column":72}},"type":"binary-expr","locations":[{"start":{"line":13,"column":21},"end":{"line":13,"column":47}},{"start":{"line":13,"column":51},"end":{"line":13,"column":72}}],"line":13},"1":{"loc":{"start":{"line":27,"column":6},"end":{"line":30,"column":7}},"type":"if","locations":[{"start":{"line":27,"column":6},"end":{"line":30,"column":7}},{"start":{},"end":{}}],"line":27},"2":{"loc":{"start":{"line":34,"column":4},"end":{"line":36,"column":5}},"type":"if","locations":[{"start":{"line":34,"column":4},"end":{"line":36,"column":5}},{"start":{},"end":{}}],"line":34}},"s":{"0":0,"1":0,"2":0,"3":0,"4":0,"5":0,"6":0,"7":0,"8":0,"9":0,"10":0,"11":0,"12":0,"13":0,"14":0,"15":0,"16":0,"17":0,"18":0},"f":{"0":0,"1":0},"b":{"0":[0,0],"1":[0,0],"2":[0,0]},"inputSourceMap":null,"_coverageSchema":"1a1c01bbd47fc00a2c39e90264f33305004495a9","hash":"fa5b308b796d4134b5494e7f0e0cff3192fcb1ad"}
,"/Users/bilalmac2/adhan-api/api/updateCalendar.js": {"path":"/Users/bilalmac2/adhan-api/api/updateCalendar.js","statementMap":{"0":{"start":{"line":5,"column":19},"end":{"line":5,"column":49}},"1":{"start":{"line":7,"column":0},"end":{"line":9,"column":1}},"2":{"start":{"line":8,"column":2},"end":{"line":8,"column":75}},"3":{"start":{"line":12,"column":2},"end":{"line":111,"column":3}},"4":{"start":{"line":13,"column":4},"end":{"line":13,"column":57}},"5":{"start":{"line":16,"column":4},"end":{"line":18,"column":5}},"6":{"start":{"line":17,"column":6},"end":{"line":17,"column":86}},"7":{"start":{"line":20,"column":24},"end":{"line":22,"column":5}},"8":{"start":{"line":23,"column":4},"end":{"line":23,"column":68}},"9":{"start":{"line":25,"column":17},"end":{"line":28,"column":6}},"10":{"start":{"line":30,"column":21},"end":{"line":30,"column":61}},"11":{"start":{"line":33,"column":4},"end":{"line":33,"column":47}},"12":{"start":{"line":35,"column":4},"end":{"line":35,"column":47}},"13":{"start":{"line":40,"column":20},"end":{"line":42,"column":31}},"14":{"start":{"line":44,"column":20},"end":{"line":44,"column":54}},"15":{"start":{"line":45,"column":17},"end":{"line":45,"column":54}},"16":{"start":{"line":47,"column":21},"end":{"line":47,"column":98}},"17":{"start":{"line":49,"column":4},"end":{"line":51,"column":5}},"18":{"start":{"line":50,"column":6},"end":{"line":50,"column":66}},"19":{"start":{"line":53,"column":4},"end":{"line":53,"column":71}},"20":{"start":{"line":54,"column":24},"end":{"line":54,"column":49}},"21":{"start":{"line":56,"column":21},"end":{"line":56,"column":72}},"22":{"start":{"line":57,"column":18},"end":{"line":57,"column":62}},"23":{"start":{"line":60,"column":4},"end":{"line":60,"column":52}},"24":{"start":{"line":61,"column":27},"end":{"line":65,"column":6}},"25":{"start":{"line":67,"column":4},"end":{"line":72,"column":5}},"26":{"start":{"line":68,"column":6},"end":{"line":71,"column":7}},"27":{"start":{"line":69,"column":8},"end":{"line":69,"column":60}},"28":{"start":{"line":70,"column":8},"end":{"line":70,"column":72}},"29":{"start":{"line":75,"column":4},"end":{"line":75,"column":50}},"30":{"start":{"line":77,"column":4},"end":{"line":104,"column":5}},"31":{"start":{"line":78,"column":6},"end":{"line":103,"column":7}},"32":{"start":{"line":79,"column":8},"end":{"line":79,"column":55}},"33":{"start":{"line":81,"column":25},"end":{"line":81,"column":81}},"34":{"start":{"line":83,"column":8},"end":{"line":85,"column":9}},"35":{"start":{"line":84,"column":10},"end":{"line":84,"column":76}},"36":{"start":{"line":87,"column":27},"end":{"line":87,"column":43}},"37":{"start":{"line":88,"column":25},"end":{"line":88,"column":63}},"38":{"start":{"line":90,"column":8},"end":{"line":90,"column":64}},"39":{"start":{"line":92,"column":8},"end":{"line":100,"column":11}},"40":{"start":{"line":102,"column":8},"end":{"line":102,"column":70}},"41":{"start":{"line":106,"column":4},"end":{"line":106,"column":76}},"42":{"start":{"line":107,"column":4},"end":{"line":107,"column":82}},"43":{"start":{"line":109,"column":4},"end":{"line":109,"column":69}},"44":{"start":{"line":110,"column":4},"end":{"line":110,"column":89}}},"fnMap":{"0":{"name":"handler","decl":{"start":{"line":11,"column":30},"end":{"line":11,"column":37}},"loc":{"start":{"line":11,"column":48},"end":{"line":112,"column":1}},"line":11}},"branchMap":{"0":{"loc":{"start":{"line":7,"column":0},"end":{"line":9,"column":1}},"type":"if","locations":[{"start":{"line":7,"column":0},"end":{"line":9,"column":1}},{"start":{},"end":{}}],"line":7},"1":{"loc":{"start":{"line":16,"column":4},"end":{"line":18,"column":5}},"type":"if","locations":[{"start":{"line":16,"column":4},"end":{"line":18,"column":5}},{"start":{},"end":{}}],"line":16},"2":{"loc":{"start":{"line":40,"column":20},"end":{"line":42,"column":31}},"type":"cond-expr","locations":[{"start":{"line":41,"column":8},"end":{"line":41,"column":43}},{"start":{"line":42,"column":8},"end":{"line":42,"column":31}}],"line":40},"3":{"loc":{"start":{"line":44,"column":20},"end":{"line":44,"column":54}},"type":"binary-expr","locations":[{"start":{"line":44,"column":20},"end":{"line":44,"column":45}},{"start":{"line":44,"column":49},"end":{"line":44,"column":54}}],"line":44},"4":{"loc":{"start":{"line":45,"column":17},"end":{"line":45,"column":54}},"type":"binary-expr","locations":[{"start":{"line":45,"column":17},"end":{"line":45,"column":39}},{"start":{"line":45,"column":43},"end":{"line":45,"column":54}}],"line":45},"5":{"loc":{"start":{"line":49,"column":4},"end":{"line":51,"column":5}},"type":"if","locations":[{"start":{"line":49,"column":4},"end":{"line":51,"column":5}},{"start":{},"end":{}}],"line":49},"6":{"loc":{"start":{"line":49,"column":8},"end":{"line":49,"column":52}},"type":"binary-expr","locations":[{"start":{"line":49,"column":8},"end":{"line":49,"column":22}},{"start":{"line":49,"column":26},"end":{"line":49,"column":52}}],"line":49},"7":{"loc":{"start":{"line":56,"column":21},"end":{"line":56,"column":72}},"type":"binary-expr","locations":[{"start":{"line":56,"column":21},"end":{"line":56,"column":47}},{"start":{"line":56,"column":51},"end":{"line":56,"column":72}}],"line":56},"8":{"loc":{"start":{"line":68,"column":6},"end":{"line":71,"column":7}},"type":"if","locations":[{"start":{"line":68,"column":6},"end":{"line":71,"column":7}},{"start":{},"end":{}}],"line":68},"9":{"loc":{"start":{"line":83,"column":8},"end":{"line":85,"column":9}},"type":"if","locations":[{"start":{"line":83,"column":8},"end":{"line":85,"column":9}},{"start":{},"end":{}}],"line":83}},"s":{"0":0,"1":0,"2":0,"3":0,"4":0,"5":0,"6":0,"7":0,"8":0,"9":0,"10":0,"11":0,"12":0,"13":0,"14":0,"15":0,"16":0,"17":0,"18":0,"19":0,"20":0,"21":0,"22":0,"23":0,"24":0,"25":0,"26":0,"27":0,"28":0,"29":0,"30":0,"31":0,"32":0,"33":0,"34":0,"35":0,"36":0,"37":0,"38":0,"39":0,"40":0,"41":0,"42":0,"43":0,"44":0},"f":{"0":0},"b":{"0":[0,0],"1":[0,0],"2":[0,0],"3":[0,0],"4":[0,0],"5":[0,0],"6":[0,0],"7":[0,0],"8":[0,0],"9":[0,0]},"inputSourceMap":null}
,"/Users/bilalmac2/adhan-api/audio-caster/adb_keepalive.js": {"path":"/Users/bilalmac2/adhan-api/audio-caster/adb_keepalive.js","statementMap":{"0":{"start":{"line":1,"column":17},"end":{"line":1,"column":41}},"1":{"start":{"line":2,"column":0},"end":{"line":2,"column":76}},"2":{"start":{"line":5,"column":14},"end":{"line":5,"column":46}},"3":{"start":{"line":7,"column":26},"end":{"line":7,"column":39}},"4":{"start":{"line":10,"column":2},"end":{"line":10,"column":77}},"5":{"start":{"line":14,"column":2},"end":{"line":23,"column":5}},"6":{"start":{"line":15,"column":4},"end":{"line":22,"column":7}},"7":{"start":{"line":16,"column":6},"end":{"line":21,"column":7}},"8":{"start":{"line":18,"column":8},"end":{"line":18,"column":22}},"9":{"start":{"line":20,"column":8},"end":{"line":20,"column":45}},"10":{"start":{"line":27,"column":2},"end":{"line":76,"column":3}},"11":{"start":{"line":28,"column":4},"end":{"line":28,"column":46}},"12":{"start":{"line":31,"column":4},"end":{"line":37,"column":5}},"13":{"start":{"line":32,"column":6},"end":{"line":32,"column":43}},"14":{"start":{"line":34,"column":6},"end":{"line":34,"column":75}},"15":{"start":{"line":36,"column":6},"end":{"line":36,"column":13}},"16":{"start":{"line":40,"column":20},"end":{"line":40,"column":44}},"17":{"start":{"line":43,"column":4},"end":{"line":47,"column":5}},"18":{"start":{"line":44,"column":6},"end":{"line":44,"column":47}},"19":{"start":{"line":45,"column":6},"end":{"line":45,"column":48}},"20":{"start":{"line":46,"column":6},"end":{"line":46,"column":36}},"21":{"start":{"line":50,"column":6},"end":{"line":51,"column":89}},"22":{"start":{"line":51,"column":41},"end":{"line":51,"column":88}},"23":{"start":{"line":53,"column":4},"end":{"line":73,"column":5}},"24":{"start":{"line":56,"column":6},"end":{"line":56,"column":46}},"25":{"start":{"line":59,"column":6},"end":{"line":59,"column":54}},"26":{"start":{"line":62,"column":6},"end":{"line":62,"column":43}},"27":{"start":{"line":63,"column":25},"end":{"line":63,"column":58}},"28":{"start":{"line":65,"column":6},"end":{"line":72,"column":7}},"29":{"start":{"line":69,"column":8},"end":{"line":69,"column":43}},"30":{"start":{"line":71,"column":8},"end":{"line":71,"column":49}},"31":{"start":{"line":75,"column":4},"end":{"line":75,"column":34}},"32":{"start":{"line":80,"column":0},"end":{"line":80,"column":59}},"33":{"start":{"line":81,"column":0},"end":{"line":81,"column":15}},"34":{"start":{"line":84,"column":0},"end":{"line":84,"column":45}}},"fnMap":{"0":{"name":"log","decl":{"start":{"line":9,"column":9},"end":{"line":9,"column":12}},"loc":{"start":{"line":9,"column":18},"end":{"line":11,"column":1}},"line":9},"1":{"name":"run","decl":{"start":{"line":13,"column":9},"end":{"line":13,"column":12}},"loc":{"start":{"line":13,"column":18},"end":{"line":24,"column":1}},"line":13},"2":{"name":"(anonymous_2)","decl":{"start":{"line":14,"column":21},"end":{"line":14,"column":22}},"loc":{"start":{"line":14,"column":34},"end":{"line":23,"column":3}},"line":14},"3":{"name":"(anonymous_3)","decl":{"start":{"line":15,"column":34},"end":{"line":15,"column":35}},"loc":{"start":{"line":15,"column":61},"end":{"line":22,"column":5}},"line":15},"4":{"name":"checkAndHeal","decl":{"start":{"line":26,"column":15},"end":{"line":26,"column":27}},"loc":{"start":{"line":26,"column":30},"end":{"line":77,"column":1}},"line":26},"5":{"name":"(anonymous_5)","decl":{"start":{"line":51,"column":31},"end":{"line":51,"column":32}},"loc":{"start":{"line":51,"column":41},"end":{"line":51,"column":88}},"line":51}},"branchMap":{"0":{"loc":{"start":{"line":5,"column":14},"end":{"line":5,"column":46}},"type":"binary-expr","locations":[{"start":{"line":5,"column":14},"end":{"line":5,"column":31}},{"start":{"line":5,"column":35},"end":{"line":5,"column":46}}],"line":5},"1":{"loc":{"start":{"line":16,"column":6},"end":{"line":21,"column":7}},"type":"if","locations":[{"start":{"line":16,"column":6},"end":{"line":21,"column":7}},{"start":{"line":19,"column":13},"end":{"line":21,"column":7}}],"line":16},"2":{"loc":{"start":{"line":20,"column":16},"end":{"line":20,"column":43}},"type":"cond-expr","locations":[{"start":{"line":20,"column":25},"end":{"line":20,"column":38}},{"start":{"line":20,"column":41},"end":{"line":20,"column":43}}],"line":20},"3":{"loc":{"start":{"line":43,"column":4},"end":{"line":47,"column":5}},"type":"if","locations":[{"start":{"line":43,"column":4},"end":{"line":47,"column":5}},{"start":{},"end":{}}],"line":43},"4":{"loc":{"start":{"line":50,"column":6},"end":{"line":51,"column":89}},"type":"binary-expr","locations":[{"start":{"line":50,"column":6},"end":{"line":50,"column":13}},{"start":{"line":51,"column":6},"end":{"line":51,"column":89}}],"line":50},"5":{"loc":{"start":{"line":51,"column":41},"end":{"line":51,"column":88}},"type":"binary-expr","locations":[{"start":{"line":51,"column":41},"end":{"line":51,"column":61}},{"start":{"line":51,"column":65},"end":{"line":51,"column":88}}],"line":51},"6":{"loc":{"start":{"line":53,"column":4},"end":{"line":73,"column":5}},"type":"if","locations":[{"start":{"line":53,"column":4},"end":{"line":73,"column":5}},{"start":{"line":57,"column":11},"end":{"line":73,"column":5}}],"line":53},"7":{"loc":{"start":{"line":65,"column":6},"end":{"line":72,"column":7}},"type":"if","locations":[{"start":{"line":65,"column":6},"end":{"line":72,"column":7}},{"start":{"line":70,"column":13},"end":{"line":72,"column":7}}],"line":65},"8":{"loc":{"start":{"line":66,"column":8},"end":{"line":67,"column":89}},"type":"binary-expr","locations":[{"start":{"line":66,"column":8},"end":{"line":66,"column":18}},{"start":{"line":67,"column":9},"end":{"line":67,"column":44}},{"start":{"line":67,"column":48},"end":{"line":67,"column":88}}],"line":66}},"s":{"0":0,"1":0,"2":0,"3":0,"4":0,"5":0,"6":0,"7":0,"8":0,"9":0,"10":0,"11":0,"12":0,"13":0,"14":0,"15":0,"16":0,"17":0,"18":0,"19":0,"20":0,"21":0,"22":0,"23":0,"24":0,"25":0,"26":0,"27":0,"28":0,"29":0,"30":0,"31":0,"32":0,"33":0,"34":0},"f":{"0":0,"1":0,"2":0,"3":0,"4":0,"5":0},"b":{"0":[0,0],"1":[0,0],"2":[0,0],"3":[0,0],"4":[0,0],"5":[0,0],"6":[0,0],"7":[0,0],"8":[0,0,0]},"inputSourceMap":null}
,"/Users/bilalmac2/adhan-api/audio-caster/generate_preview.js": {"path":"/Users/bilalmac2/adhan-api/audio-caster/generate_preview.js","statementMap":{"0":{"start":{"line":1,"column":24},"end":{"line":1,"column":53}},"1":{"start":{"line":2,"column":11},"end":{"line":2,"column":24}},"2":{"start":{"line":3,"column":13},"end":{"line":3,"column":28}},"3":{"start":{"line":4,"column":21},"end":{"line":4,"column":37}},"4":{"start":{"line":7,"column":15},"end":{"line":10,"column":1}},"5":{"start":{"line":12,"column":22},"end":{"line":12,"column":66}},"6":{"start":{"line":15,"column":2},"end":{"line":15,"column":52}},"7":{"start":{"line":16,"column":20},"end":{"line":16,"column":47}},"8":{"start":{"line":19,"column":16},"end":{"line":19,"column":55}},"9":{"start":{"line":20,"column":18},"end":{"line":20,"column":42}},"10":{"start":{"line":22,"column":2},"end":{"line":34,"column":3}},"11":{"start":{"line":23,"column":4},"end":{"line":31,"column":5}},"12":{"start":{"line":24,"column":25},"end":{"line":24,"column":67}},"13":{"start":{"line":25,"column":16},"end":{"line":25,"column":38}},"14":{"start":{"line":26,"column":16},"end":{"line":26,"column":25}},"15":{"start":{"line":27,"column":6},"end":{"line":30,"column":7}},"16":{"start":{"line":28,"column":18},"end":{"line":28,"column":54}},"17":{"start":{"line":29,"column":8},"end":{"line":29,"column":55}},"18":{"start":{"line":33,"column":4},"end":{"line":33,"column":37}},"19":{"start":{"line":38,"column":17},"end":{"line":38,"column":80}},"20":{"start":{"line":40,"column":2},"end":{"line":40,"column":80}},"21":{"start":{"line":41,"column":2},"end":{"line":41,"column":56}},"22":{"start":{"line":44,"column":0},"end":{"line":44,"column":6}}},"fnMap":{"0":{"name":"run","decl":{"start":{"line":14,"column":15},"end":{"line":14,"column":18}},"loc":{"start":{"line":14,"column":21},"end":{"line":42,"column":1}},"line":14}},"branchMap":{"0":{"loc":{"start":{"line":23,"column":4},"end":{"line":31,"column":5}},"type":"if","locations":[{"start":{"line":23,"column":4},"end":{"line":31,"column":5}},{"start":{},"end":{}}],"line":23},"1":{"loc":{"start":{"line":27,"column":6},"end":{"line":30,"column":7}},"type":"if","locations":[{"start":{"line":27,"column":6},"end":{"line":30,"column":7}},{"start":{},"end":{}}],"line":27},"2":{"loc":{"start":{"line":27,"column":10},"end":{"line":27,"column":76}},"type":"binary-expr","locations":[{"start":{"line":27,"column":10},"end":{"line":27,"column":25}},{"start":{"line":27,"column":29},"end":{"line":27,"column":47}},{"start":{"line":27,"column":51},"end":{"line":27,"column":76}}],"line":27}},"s":{"0":0,"1":0,"2":0,"3":0,"4":0,"5":0,"6":0,"7":0,"8":0,"9":0,"10":0,"11":0,"12":0,"13":0,"14":0,"15":0,"16":0,"17":0,"18":0,"19":0,"20":0,"21":0,"22":0},"f":{"0":0},"b":{"0":[0,0],"1":[0,0],"2":[0,0,0]},"inputSourceMap":null}
,"/Users/bilalmac2/adhan-api/audio-caster/generate_preview_scenarios.js": {"path":"/Users/bilalmac2/adhan-api/audio-caster/generate_preview_scenarios.js","statementMap":{"0":{"start":{"line":1,"column":24},"end":{"line":1,"column":53}},"1":{"start":{"line":2,"column":11},"end":{"line":2,"column":24}},"2":{"start":{"line":3,"column":13},"end":{"line":3,"column":28}},"3":{"start":{"line":4,"column":21},"end":{"line":4,"column":37}},"4":{"start":{"line":6,"column":15},"end":{"line":9,"column":1}},"5":{"start":{"line":12,"column":2},"end":{"line":12,"column":62}},"6":{"start":{"line":13,"column":20},"end":{"line":13,"column":47}},"7":{"start":{"line":16,"column":15},"end":{"line":16,"column":24}},"8":{"start":{"line":17,"column":16},"end":{"line":17,"column":30}},"9":{"start":{"line":20,"column":20},"end":{"line":20,"column":62}},"10":{"start":{"line":21,"column":2},"end":{"line":23,"column":3}},"11":{"start":{"line":22,"column":4},"end":{"line":22,"column":49}},"12":{"start":{"line":26,"column":2},"end":{"line":26,"column":54}},"13":{"start":{"line":27,"column":15},"end":{"line":30,"column":4}},"14":{"start":{"line":31,"column":2},"end":{"line":31,"column":68}},"15":{"start":{"line":32,"column":2},"end":{"line":32,"column":43}},"16":{"start":{"line":35,"column":2},"end":{"line":35,"column":52}},"17":{"start":{"line":36,"column":15},"end":{"line":39,"column":4}},"18":{"start":{"line":40,"column":2},"end":{"line":40,"column":66}},"19":{"start":{"line":41,"column":2},"end":{"line":41,"column":41}},"20":{"start":{"line":44,"column":2},"end":{"line":44,"column":51}},"21":{"start":{"line":45,"column":15},"end":{"line":48,"column":4}},"22":{"start":{"line":49,"column":2},"end":{"line":49,"column":63}},"23":{"start":{"line":50,"column":2},"end":{"line":50,"column":38}},"24":{"start":{"line":53,"column":2},"end":{"line":53,"column":44}},"25":{"start":{"line":54,"column":15},"end":{"line":57,"column":4}},"26":{"start":{"line":58,"column":2},"end":{"line":58,"column":64}},"27":{"start":{"line":59,"column":2},"end":{"line":59,"column":39}},"28":{"start":{"line":62,"column":0},"end":{"line":62,"column":15}}},"fnMap":{"0":{"name":"runScenarios","decl":{"start":{"line":11,"column":15},"end":{"line":11,"column":27}},"loc":{"start":{"line":11,"column":30},"end":{"line":60,"column":1}},"line":11}},"branchMap":{"0":{"loc":{"start":{"line":21,"column":2},"end":{"line":23,"column":3}},"type":"if","locations":[{"start":{"line":21,"column":2},"end":{"line":23,"column":3}},{"start":{},"end":{}}],"line":21}},"s":{"0":0,"1":0,"2":0,"3":0,"4":0,"5":0,"6":0,"7":0,"8":0,"9":0,"10":0,"11":0,"12":0,"13":0,"14":0,"15":0,"16":0,"17":0,"18":0,"19":0,"20":0,"21":0,"22":0,"23":0,"24":0,"25":0,"26":0,"27":0,"28":0},"f":{"0":0},"b":{"0":[0,0]},"inputSourceMap":null}
,"/Users/bilalmac2/adhan-api/audio-caster/index.js": {"path":"/Users/bilalmac2/adhan-api/audio-caster/index.js","statementMap":{"0":{"start":{"line":1,"column":16},"end":{"line":1,"column":34}},"1":{"start":{"line":2,"column":19},"end":{"line":2,"column":41}},"2":{"start":{"line":3,"column":22},"end":{"line":3,"column":47}},"3":{"start":{"line":5,"column":12},"end":{"line":5,"column":21}},"4":{"start":{"line":6,"column":13},"end":{"line":6,"column":17}},"5":{"start":{"line":8,"column":0},"end":{"line":8,"column":27}},"6":{"start":{"line":10,"column":15},"end":{"line":10,"column":34}},"7":{"start":{"line":13,"column":14},"end":{"line":13,"column":16}},"8":{"start":{"line":15,"column":0},"end":{"line":18,"column":3}},"9":{"start":{"line":16,"column":2},"end":{"line":16,"column":54}},"10":{"start":{"line":17,"column":2},"end":{"line":17,"column":23}},"11":{"start":{"line":22,"column":2},"end":{"line":22,"column":87}},"12":{"start":{"line":22,"column":29},"end":{"line":22,"column":85}},"13":{"start":{"line":25,"column":0},"end":{"line":71,"column":3}},"14":{"start":{"line":26,"column":25},"end":{"line":26,"column":33}},"15":{"start":{"line":27,"column":21},"end":{"line":27,"column":29}},"16":{"start":{"line":29,"column":2},"end":{"line":31,"column":3}},"17":{"start":{"line":30,"column":4},"end":{"line":30,"column":65}},"18":{"start":{"line":34,"column":2},"end":{"line":37,"column":3}},"19":{"start":{"line":35,"column":4},"end":{"line":35,"column":93}},"20":{"start":{"line":36,"column":4},"end":{"line":36,"column":60}},"21":{"start":{"line":39,"column":2},"end":{"line":39,"column":59}},"22":{"start":{"line":43,"column":4},"end":{"line":44,"column":60}},"23":{"start":{"line":43,"column":24},"end":{"line":43,"column":53}},"24":{"start":{"line":44,"column":24},"end":{"line":44,"column":59}},"25":{"start":{"line":46,"column":2},"end":{"line":70,"column":3}},"26":{"start":{"line":47,"column":4},"end":{"line":47,"column":69}},"27":{"start":{"line":50,"column":16},"end":{"line":53,"column":5}},"28":{"start":{"line":55,"column":4},"end":{"line":62,"column":7}},"29":{"start":{"line":56,"column":6},"end":{"line":59,"column":7}},"30":{"start":{"line":57,"column":8},"end":{"line":57,"column":53}},"31":{"start":{"line":58,"column":8},"end":{"line":58,"column":87}},"32":{"start":{"line":60,"column":6},"end":{"line":60,"column":52}},"33":{"start":{"line":61,"column":6},"end":{"line":61,"column":82}},"34":{"start":{"line":64,"column":4},"end":{"line":64,"column":57}},"35":{"start":{"line":65,"column":4},"end":{"line":65,"column":20}},"36":{"start":{"line":66,"column":4},"end":{"line":69,"column":7}},"37":{"start":{"line":68,"column":44},"end":{"line":68,"column":58}},"38":{"start":{"line":75,"column":0},"end":{"line":151,"column":3}},"39":{"start":{"line":76,"column":21},"end":{"line":76,"column":37}},"40":{"start":{"line":77,"column":18},"end":{"line":77,"column":31}},"41":{"start":{"line":80,"column":24},"end":{"line":85,"column":3}},"42":{"start":{"line":82,"column":6},"end":{"line":84,"column":37}},"43":{"start":{"line":88,"column":2},"end":{"line":127,"column":3}},"44":{"start":{"line":89,"column":4},"end":{"line":99,"column":5}},"45":{"start":{"line":91,"column":6},"end":{"line":97,"column":7}},"46":{"start":{"line":92,"column":8},"end":{"line":96,"column":20}},"47":{"start":{"line":94,"column":58},"end":{"line":94,"column":72}},"48":{"start":{"line":98,"column":6},"end":{"line":98,"column":59}},"49":{"start":{"line":101,"column":21},"end":{"line":118,"column":15}},"50":{"start":{"line":103,"column":21},"end":{"line":103,"column":55}},"51":{"start":{"line":104,"column":8},"end":{"line":116,"column":23}},"52":{"start":{"line":120,"column":4},"end":{"line":126,"column":11}},"53":{"start":{"line":129,"column":17},"end":{"line":129,"column":39}},"54":{"start":{"line":130,"column":2},"end":{"line":130,"column":70}},"55":{"start":{"line":130,"column":15},"end":{"line":130,"column":70}},"56":{"start":{"line":133,"column":17},"end":{"line":133,"column":91}},"57":{"start":{"line":135,"column":2},"end":{"line":135,"column":67}},"58":{"start":{"line":137,"column":14},"end":{"line":140,"column":3}},"59":{"start":{"line":142,"column":2},"end":{"line":150,"column":5}},"60":{"start":{"line":143,"column":4},"end":{"line":143,"column":56}},"61":{"start":{"line":143,"column":13},"end":{"line":143,"column":56}},"62":{"start":{"line":144,"column":4},"end":{"line":149,"column":11}},"63":{"start":{"line":153,"column":0},"end":{"line":156,"column":3}},"64":{"start":{"line":154,"column":2},"end":{"line":154,"column":57}},"65":{"start":{"line":155,"column":2},"end":{"line":155,"column":56}}},"fnMap":{"0":{"name":"(anonymous_0)","decl":{"start":{"line":15,"column":20},"end":{"line":15,"column":21}},"loc":{"start":{"line":15,"column":38},"end":{"line":18,"column":1}},"line":15},"1":{"name":"findDevice","decl":{"start":{"line":21,"column":9},"end":{"line":21,"column":19}},"loc":{"start":{"line":21,"column":26},"end":{"line":23,"column":1}},"line":21},"2":{"name":"(anonymous_2)","decl":{"start":{"line":22,"column":22},"end":{"line":22,"column":23}},"loc":{"start":{"line":22,"column":29},"end":{"line":22,"column":85}},"line":22},"3":{"name":"(anonymous_3)","decl":{"start":{"line":25,"column":18},"end":{"line":25,"column":19}},"loc":{"start":{"line":25,"column":32},"end":{"line":71,"column":1}},"line":25},"4":{"name":"(anonymous_4)","decl":{"start":{"line":43,"column":17},"end":{"line":43,"column":18}},"loc":{"start":{"line":43,"column":24},"end":{"line":43,"column":53}},"line":43},"5":{"name":"(anonymous_5)","decl":{"start":{"line":44,"column":17},"end":{"line":44,"column":18}},"loc":{"start":{"line":44,"column":24},"end":{"line":44,"column":59}},"line":44},"6":{"name":"(anonymous_6)","decl":{"start":{"line":55,"column":23},"end":{"line":55,"column":24}},"loc":{"start":{"line":55,"column":32},"end":{"line":62,"column":5}},"line":55},"7":{"name":"(anonymous_7)","decl":{"start":{"line":68,"column":37},"end":{"line":68,"column":38}},"loc":{"start":{"line":68,"column":44},"end":{"line":68,"column":58}},"line":68},"8":{"name":"(anonymous_8)","decl":{"start":{"line":75,"column":17},"end":{"line":75,"column":18}},"loc":{"start":{"line":75,"column":31},"end":{"line":151,"column":1}},"line":75},"9":{"name":"(anonymous_9)","decl":{"start":{"line":81,"column":4},"end":{"line":81,"column":5}},"loc":{"start":{"line":82,"column":6},"end":{"line":84,"column":37}},"line":82},"10":{"name":"(anonymous_10)","decl":{"start":{"line":94,"column":51},"end":{"line":94,"column":52}},"loc":{"start":{"line":94,"column":58},"end":{"line":94,"column":72}},"line":94},"11":{"name":"(anonymous_11)","decl":{"start":{"line":102,"column":11},"end":{"line":102,"column":12}},"loc":{"start":{"line":102,"column":18},"end":{"line":117,"column":7}},"line":102},"12":{"name":"(anonymous_12)","decl":{"start":{"line":142,"column":21},"end":{"line":142,"column":22}},"loc":{"start":{"line":142,"column":36},"end":{"line":150,"column":3}},"line":142},"13":{"name":"(anonymous_13)","decl":{"start":{"line":153,"column":17},"end":{"line":153,"column":18}},"loc":{"start":{"line":153,"column":23},"end":{"line":156,"column":1}},"line":153}},"branchMap":{"0":{"loc":{"start":{"line":22,"column":29},"end":{"line":22,"column":85}},"type":"binary-expr","locations":[{"start":{"line":22,"column":29},"end":{"line":22,"column":52}},{"start":{"line":22,"column":56},"end":{"line":22,"column":85}}],"line":22},"1":{"loc":{"start":{"line":29,"column":2},"end":{"line":31,"column":3}},"type":"if","locations":[{"start":{"line":29,"column":2},"end":{"line":31,"column":3}},{"start":{},"end":{}}],"line":29},"2":{"loc":{"start":{"line":34,"column":2},"end":{"line":37,"column":3}},"type":"if","locations":[{"start":{"line":34,"column":2},"end":{"line":37,"column":3}},{"start":{},"end":{}}],"line":34},"3":{"loc":{"start":{"line":34,"column":6},"end":{"line":34,"column":78}},"type":"binary-expr","locations":[{"start":{"line":34,"column":6},"end":{"line":34,"column":15}},{"start":{"line":34,"column":19},"end":{"line":34,"column":48}},{"start":{"line":34,"column":52},"end":{"line":34,"column":78}}],"line":34},"4":{"loc":{"start":{"line":43,"column":4},"end":{"line":44,"column":60}},"type":"binary-expr","locations":[{"start":{"line":43,"column":4},"end":{"line":43,"column":54}},{"start":{"line":44,"column":4},"end":{"line":44,"column":60}}],"line":43},"5":{"loc":{"start":{"line":46,"column":2},"end":{"line":70,"column":3}},"type":"if","locations":[{"start":{"line":46,"column":2},"end":{"line":70,"column":3}},{"start":{"line":63,"column":9},"end":{"line":70,"column":3}}],"line":46},"6":{"loc":{"start":{"line":56,"column":6},"end":{"line":59,"column":7}},"type":"if","locations":[{"start":{"line":56,"column":6},"end":{"line":59,"column":7}},{"start":{},"end":{}}],"line":56},"7":{"loc":{"start":{"line":82,"column":6},"end":{"line":84,"column":37}},"type":"binary-expr","locations":[{"start":{"line":82,"column":6},"end":{"line":82,"column":47}},{"start":{"line":83,"column":6},"end":{"line":83,"column":37}},{"start":{"line":84,"column":6},"end":{"line":84,"column":37}}],"line":82},"8":{"loc":{"start":{"line":88,"column":2},"end":{"line":127,"column":3}},"type":"if","locations":[{"start":{"line":88,"column":2},"end":{"line":127,"column":3}},{"start":{},"end":{}}],"line":88},"9":{"loc":{"start":{"line":89,"column":4},"end":{"line":99,"column":5}},"type":"if","locations":[{"start":{"line":89,"column":4},"end":{"line":99,"column":5}},{"start":{},"end":{}}],"line":89},"10":{"loc":{"start":{"line":91,"column":6},"end":{"line":97,"column":7}},"type":"if","locations":[{"start":{"line":91,"column":6},"end":{"line":97,"column":7}},{"start":{},"end":{}}],"line":91},"11":{"loc":{"start":{"line":130,"column":2},"end":{"line":130,"column":70}},"type":"if","locations":[{"start":{"line":130,"column":2},"end":{"line":130,"column":70}},{"start":{},"end":{}}],"line":130},"12":{"loc":{"start":{"line":133,"column":17},"end":{"line":133,"column":91}},"type":"binary-expr","locations":[{"start":{"line":133,"column":17},"end":{"line":133,"column":24}},{"start":{"line":133,"column":28},"end":{"line":133,"column":91}}],"line":133},"13":{"loc":{"start":{"line":143,"column":4},"end":{"line":143,"column":56}},"type":"if","locations":[{"start":{"line":143,"column":4},"end":{"line":143,"column":56}},{"start":{},"end":{}}],"line":143}},"s":{"0":0,"1":0,"2":0,"3":0,"4":0,"5":0,"6":0,"7":0,"8":0,"9":0,"10":0,"11":0,"12":0,"13":0,"14":0,"15":0,"16":0,"17":0,"18":0,"19":0,"20":0,"21":0,"22":0,"23":0,"24":0,"25":0,"26":0,"27":0,"28":0,"29":0,"30":0,"31":0,"32":0,"33":0,"34":0,"35":0,"36":0,"37":0,"38":0,"39":0,"40":0,"41":0,"42":0,"43":0,"44":0,"45":0,"46":0,"47":0,"48":0,"49":0,"50":0,"51":0,"52":0,"53":0,"54":0,"55":0,"56":0,"57":0,"58":0,"59":0,"60":0,"61":0,"62":0,"63":0,"64":0,"65":0},"f":{"0":0,"1":0,"2":0,"3":0,"4":0,"5":0,"6":0,"7":0,"8":0,"9":0,"10":0,"11":0,"12":0,"13":0},"b":{"0":[0,0],"1":[0,0],"2":[0,0],"3":[0,0,0],"4":[0,0],"5":[0,0],"6":[0,0],"7":[0,0,0],"8":[0,0],"9":[0,0],"10":[0,0],"11":[0,0],"12":[0,0],"13":[0,0]},"inputSourceMap":null}
,"/Users/bilalmac2/adhan-api/audio-caster/reset_adb.js": {"path":"/Users/bilalmac2/adhan-api/audio-caster/reset_adb.js","statementMap":{"0":{"start":{"line":1,"column":17},"end":{"line":1,"column":41}},"1":{"start":{"line":2,"column":11},"end":{"line":2,"column":24}},"2":{"start":{"line":3,"column":13},"end":{"line":3,"column":28}},"3":{"start":{"line":4,"column":11},"end":{"line":4,"column":24}},"4":{"start":{"line":5,"column":0},"end":{"line":5,"column":27}},"5":{"start":{"line":7,"column":14},"end":{"line":7,"column":46}},"6":{"start":{"line":10,"column":2},"end":{"line":10,"column":61}},"7":{"start":{"line":14,"column":2},"end":{"line":19,"column":5}},"8":{"start":{"line":15,"column":4},"end":{"line":18,"column":7}},"9":{"start":{"line":16,"column":6},"end":{"line":16,"column":51}},"10":{"start":{"line":16,"column":17},"end":{"line":16,"column":51}},"11":{"start":{"line":17,"column":6},"end":{"line":17,"column":43}},"12":{"start":{"line":23,"column":2},"end":{"line":23,"column":47}},"13":{"start":{"line":26,"column":2},"end":{"line":26,"column":55}},"14":{"start":{"line":27,"column":2},"end":{"line":40,"column":3}},"15":{"start":{"line":28,"column":4},"end":{"line":33,"column":7}},"16":{"start":{"line":29,"column":6},"end":{"line":32,"column":9}},"17":{"start":{"line":30,"column":8},"end":{"line":31,"column":23}},"18":{"start":{"line":30,"column":17},"end":{"line":30,"column":55}},"19":{"start":{"line":31,"column":13},"end":{"line":31,"column":23}},"20":{"start":{"line":34,"column":4},"end":{"line":34,"column":59}},"21":{"start":{"line":36,"column":4},"end":{"line":36,"column":62}},"22":{"start":{"line":37,"column":4},"end":{"line":37,"column":36}},"23":{"start":{"line":38,"column":4},"end":{"line":38,"column":49}},"24":{"start":{"line":39,"column":4},"end":{"line":39,"column":11}},"25":{"start":{"line":43,"column":2},"end":{"line":43,"column":35}},"26":{"start":{"line":44,"column":2},"end":{"line":44,"column":31}},"27":{"start":{"line":47,"column":18},"end":{"line":47,"column":30}},"28":{"start":{"line":48,"column":21},"end":{"line":48,"column":61}},"29":{"start":{"line":49,"column":24},"end":{"line":49,"column":68}},"30":{"start":{"line":51,"column":2},"end":{"line":57,"column":3}},"31":{"start":{"line":52,"column":4},"end":{"line":52,"column":49}},"32":{"start":{"line":53,"column":4},"end":{"line":53,"column":30}},"33":{"start":{"line":54,"column":4},"end":{"line":54,"column":67}},"34":{"start":{"line":54,"column":38},"end":{"line":54,"column":67}},"35":{"start":{"line":56,"column":4},"end":{"line":56,"column":55}},"36":{"start":{"line":60,"column":2},"end":{"line":60,"column":55}},"37":{"start":{"line":61,"column":2},"end":{"line":61,"column":32}},"38":{"start":{"line":64,"column":2},"end":{"line":64,"column":38}},"39":{"start":{"line":65,"column":2},"end":{"line":65,"column":75}},"40":{"start":{"line":66,"column":17},"end":{"line":66,"column":50}},"41":{"start":{"line":67,"column":2},"end":{"line":67,"column":14}},"42":{"start":{"line":70,"column":2},"end":{"line":70,"column":32}},"43":{"start":{"line":71,"column":18},"end":{"line":71,"column":42}},"44":{"start":{"line":72,"column":2},"end":{"line":72,"column":23}},"45":{"start":{"line":74,"column":2},"end":{"line":80,"column":3}},"46":{"start":{"line":75,"column":4},"end":{"line":75,"column":71}},"47":{"start":{"line":76,"column":9},"end":{"line":80,"column":3}},"48":{"start":{"line":76,"column":48},"end":{"line":76,"column":95}},"49":{"start":{"line":77,"column":4},"end":{"line":77,"column":47}},"50":{"start":{"line":79,"column":4},"end":{"line":79,"column":49}},"51":{"start":{"line":83,"column":0},"end":{"line":83,"column":11}}},"fnMap":{"0":{"name":"log","decl":{"start":{"line":9,"column":9},"end":{"line":9,"column":12}},"loc":{"start":{"line":9,"column":18},"end":{"line":11,"column":1}},"line":9},"1":{"name":"run","decl":{"start":{"line":13,"column":9},"end":{"line":13,"column":12}},"loc":{"start":{"line":13,"column":18},"end":{"line":20,"column":1}},"line":13},"2":{"name":"(anonymous_2)","decl":{"start":{"line":14,"column":21},"end":{"line":14,"column":22}},"loc":{"start":{"line":14,"column":34},"end":{"line":19,"column":3}},"line":14},"3":{"name":"(anonymous_3)","decl":{"start":{"line":15,"column":14},"end":{"line":15,"column":15}},"loc":{"start":{"line":15,"column":41},"end":{"line":18,"column":5}},"line":15},"4":{"name":"resetAdb","decl":{"start":{"line":22,"column":15},"end":{"line":22,"column":23}},"loc":{"start":{"line":22,"column":26},"end":{"line":81,"column":1}},"line":22},"5":{"name":"(anonymous_5)","decl":{"start":{"line":28,"column":22},"end":{"line":28,"column":23}},"loc":{"start":{"line":28,"column":43},"end":{"line":33,"column":5}},"line":28},"6":{"name":"(anonymous_6)","decl":{"start":{"line":29,"column":38},"end":{"line":29,"column":39}},"loc":{"start":{"line":29,"column":47},"end":{"line":32,"column":7}},"line":29},"7":{"name":"(anonymous_7)","decl":{"start":{"line":76,"column":38},"end":{"line":76,"column":39}},"loc":{"start":{"line":76,"column":48},"end":{"line":76,"column":95}},"line":76}},"branchMap":{"0":{"loc":{"start":{"line":7,"column":14},"end":{"line":7,"column":46}},"type":"binary-expr","locations":[{"start":{"line":7,"column":14},"end":{"line":7,"column":31}},{"start":{"line":7,"column":35},"end":{"line":7,"column":46}}],"line":7},"1":{"loc":{"start":{"line":16,"column":6},"end":{"line":16,"column":51}},"type":"if","locations":[{"start":{"line":16,"column":6},"end":{"line":16,"column":51}},{"start":{},"end":{}}],"line":16},"2":{"loc":{"start":{"line":17,"column":14},"end":{"line":17,"column":41}},"type":"cond-expr","locations":[{"start":{"line":17,"column":23},"end":{"line":17,"column":36}},{"start":{"line":17,"column":39},"end":{"line":17,"column":41}}],"line":17},"3":{"loc":{"start":{"line":30,"column":8},"end":{"line":31,"column":23}},"type":"if","locations":[{"start":{"line":30,"column":8},"end":{"line":31,"column":23}},{"start":{"line":31,"column":13},"end":{"line":31,"column":23}}],"line":30},"4":{"loc":{"start":{"line":51,"column":2},"end":{"line":57,"column":3}},"type":"if","locations":[{"start":{"line":51,"column":2},"end":{"line":57,"column":3}},{"start":{"line":55,"column":9},"end":{"line":57,"column":3}}],"line":51},"5":{"loc":{"start":{"line":54,"column":4},"end":{"line":54,"column":67}},"type":"if","locations":[{"start":{"line":54,"column":4},"end":{"line":54,"column":67}},{"start":{},"end":{}}],"line":54},"6":{"loc":{"start":{"line":74,"column":2},"end":{"line":80,"column":3}},"type":"if","locations":[{"start":{"line":74,"column":2},"end":{"line":80,"column":3}},{"start":{"line":76,"column":9},"end":{"line":80,"column":3}}],"line":74},"7":{"loc":{"start":{"line":76,"column":9},"end":{"line":80,"column":3}},"type":"if","locations":[{"start":{"line":76,"column":9},"end":{"line":80,"column":3}},{"start":{"line":78,"column":9},"end":{"line":80,"column":3}}],"line":76},"8":{"loc":{"start":{"line":76,"column":48},"end":{"line":76,"column":95}},"type":"binary-expr","locations":[{"start":{"line":76,"column":48},"end":{"line":76,"column":68}},{"start":{"line":76,"column":72},"end":{"line":76,"column":95}}],"line":76}},"s":{"0":0,"1":0,"2":0,"3":0,"4":0,"5":0,"6":0,"7":0,"8":0,"9":0,"10":0,"11":0,"12":0,"13":0,"14":0,"15":0,"16":0,"17":0,"18":0,"19":0,"20":0,"21":0,"22":0,"23":0,"24":0,"25":0,"26":0,"27":0,"28":0,"29":0,"30":0,"31":0,"32":0,"33":0,"34":0,"35":0,"36":0,"37":0,"38":0,"39":0,"40":0,"41":0,"42":0,"43":0,"44":0,"45":0,"46":0,"47":0,"48":0,"49":0,"50":0,"51":0},"f":{"0":0,"1":0,"2":0,"3":0,"4":0,"5":0,"6":0,"7":0},"b":{"0":[0,0],"1":[0,0],"2":[0,0],"3":[0,0],"4":[0,0],"5":[0,0],"6":[0,0],"7":[0,0],"8":[0,0]},"inputSourceMap":null}
,"/Users/bilalmac2/adhan-api/audio-caster/scheduler.js": {"path":"/Users/bilalmac2/adhan-api/audio-caster/scheduler.js","statementMap":{"0":{"start":{"line":1,"column":17},"end":{"line":1,"column":41}},"1":{"start":{"line":2,"column":14},"end":{"line":2,"column":30}},"2":{"start":{"line":3,"column":0},"end":{"line":3,"column":56}},"3":{"start":{"line":4,"column":11},"end":{"line":4,"column":24}},"4":{"start":{"line":5,"column":21},"end":{"line":5,"column":37}},"5":{"start":{"line":6,"column":22},"end":{"line":6,"column":47}},"6":{"start":{"line":7,"column":13},"end":{"line":7,"column":28}},"7":{"start":{"line":8,"column":16},"end":{"line":8,"column":34}},"8":{"start":{"line":9,"column":11},"end":{"line":9,"column":24}},"9":{"start":{"line":10,"column":22},"end":{"line":10,"column":37}},"10":{"start":{"line":11,"column":15},"end":{"line":11,"column":32}},"11":{"start":{"line":12,"column":17},"end":{"line":12,"column":43}},"12":{"start":{"line":13,"column":0},"end":{"line":13,"column":27}},"13":{"start":{"line":15,"column":14},"end":{"line":15,"column":46}},"14":{"start":{"line":17,"column":2},"end":{"line":17,"column":46}},"15":{"start":{"line":17,"column":13},"end":{"line":17,"column":46}},"16":{"start":{"line":20,"column":15},"end":{"line":20,"column":39}},"17":{"start":{"line":23,"column":15},"end":{"line":52,"column":1}},"18":{"start":{"line":54,"column":22},"end":{"line":54,"column":66}},"19":{"start":{"line":55,"column":18},"end":{"line":55,"column":47}},"20":{"start":{"line":56,"column":19},"end":{"line":56,"column":52}},"21":{"start":{"line":60,"column":2},"end":{"line":60,"column":61}},"22":{"start":{"line":65,"column":2},"end":{"line":67,"column":3}},"23":{"start":{"line":66,"column":4},"end":{"line":66,"column":31}},"24":{"start":{"line":70,"column":21},"end":{"line":70,"column":43}},"25":{"start":{"line":71,"column":2},"end":{"line":77,"column":3}},"26":{"start":{"line":72,"column":4},"end":{"line":76,"column":5}},"27":{"start":{"line":73,"column":6},"end":{"line":75,"column":7}},"28":{"start":{"line":74,"column":8},"end":{"line":74,"column":29}},"29":{"start":{"line":78,"column":2},"end":{"line":78,"column":21}},"30":{"start":{"line":83,"column":2},"end":{"line":83,"column":57}},"31":{"start":{"line":83,"column":33},"end":{"line":83,"column":57}},"32":{"start":{"line":87,"column":20},"end":{"line":87,"column":22}},"33":{"start":{"line":90,"column":2},"end":{"line":92,"column":5}},"34":{"start":{"line":91,"column":4},"end":{"line":91,"column":75}},"35":{"start":{"line":94,"column":2},"end":{"line":106,"column":3}},"36":{"start":{"line":95,"column":21},"end":{"line":95,"column":52}},"37":{"start":{"line":96,"column":4},"end":{"line":105,"column":5}},"38":{"start":{"line":97,"column":6},"end":{"line":97,"column":54}},"39":{"start":{"line":98,"column":6},"end":{"line":104,"column":7}},"40":{"start":{"line":99,"column":25},"end":{"line":99,"column":78}},"41":{"start":{"line":100,"column":8},"end":{"line":100,"column":70}},"42":{"start":{"line":101,"column":8},"end":{"line":101,"column":41}},"43":{"start":{"line":103,"column":8},"end":{"line":103,"column":65}},"44":{"start":{"line":109,"column":24},"end":{"line":109,"column":53}},"45":{"start":{"line":110,"column":18},"end":{"line":110,"column":45}},"46":{"start":{"line":113,"column":12},"end":{"line":113,"column":21}},"47":{"start":{"line":114,"column":0},"end":{"line":114,"column":45}},"48":{"start":{"line":115,"column":0},"end":{"line":115,"column":47}},"49":{"start":{"line":118,"column":0},"end":{"line":135,"column":3}},"50":{"start":{"line":119,"column":2},"end":{"line":134,"column":3}},"51":{"start":{"line":120,"column":23},"end":{"line":120,"column":40}},"52":{"start":{"line":123,"column":18},"end":{"line":123,"column":57}},"53":{"start":{"line":124,"column":19},"end":{"line":128,"column":5}},"54":{"start":{"line":129,"column":4},"end":{"line":129,"column":42}},"55":{"start":{"line":130,"column":4},"end":{"line":130,"column":21}},"56":{"start":{"line":132,"column":4},"end":{"line":132,"column":41}},"57":{"start":{"line":133,"column":4},"end":{"line":133,"column":55}},"58":{"start":{"line":139,"column":2},"end":{"line":214,"column":5}},"59":{"start":{"line":140,"column":22},"end":{"line":140,"column":57}},"60":{"start":{"line":141,"column":28},"end":{"line":141,"column":97}},"61":{"start":{"line":144,"column":20},"end":{"line":144,"column":79}},"62":{"start":{"line":146,"column":4},"end":{"line":147,"column":63}},"63":{"start":{"line":147,"column":6},"end":{"line":147,"column":63}},"64":{"start":{"line":149,"column":18},"end":{"line":149,"column":57}},"65":{"start":{"line":151,"column":24},"end":{"line":151,"column":93}},"66":{"start":{"line":154,"column":20},"end":{"line":154,"column":24}},"67":{"start":{"line":155,"column":19},"end":{"line":155,"column":21}},"68":{"start":{"line":156,"column":4},"end":{"line":169,"column":5}},"69":{"start":{"line":157,"column":6},"end":{"line":166,"column":7}},"70":{"start":{"line":158,"column":27},"end":{"line":158,"column":69}},"71":{"start":{"line":159,"column":18},"end":{"line":159,"column":40}},"72":{"start":{"line":160,"column":18},"end":{"line":160,"column":27}},"73":{"start":{"line":161,"column":8},"end":{"line":165,"column":9}},"74":{"start":{"line":162,"column":20},"end":{"line":162,"column":56}},"75":{"start":{"line":163,"column":10},"end":{"line":163,"column":57}},"76":{"start":{"line":164,"column":10},"end":{"line":164,"column":38}},"77":{"start":{"line":168,"column":6},"end":{"line":168,"column":23}},"78":{"start":{"line":171,"column":21},"end":{"line":171,"column":40}},"79":{"start":{"line":173,"column":4},"end":{"line":183,"column":5}},"80":{"start":{"line":174,"column":24},"end":{"line":179,"column":7}},"81":{"start":{"line":180,"column":6},"end":{"line":180,"column":43}},"82":{"start":{"line":182,"column":6},"end":{"line":182,"column":23}},"83":{"start":{"line":186,"column":4},"end":{"line":186,"column":64}},"84":{"start":{"line":188,"column":4},"end":{"line":213,"column":9}},"85":{"start":{"line":206,"column":22},"end":{"line":206,"column":50}},"86":{"start":{"line":207,"column":8},"end":{"line":207,"column":95}},"87":{"start":{"line":208,"column":8},"end":{"line":208,"column":33}},"88":{"start":{"line":211,"column":8},"end":{"line":211,"column":48}},"89":{"start":{"line":212,"column":8},"end":{"line":212,"column":20}},"90":{"start":{"line":217,"column":0},"end":{"line":219,"column":3}},"91":{"start":{"line":218,"column":2},"end":{"line":218,"column":93}},"92":{"start":{"line":225,"column":2},"end":{"line":247,"column":3}},"93":{"start":{"line":226,"column":21},"end":{"line":228,"column":6}},"94":{"start":{"line":227,"column":6},"end":{"line":227,"column":86}},"95":{"start":{"line":227,"column":71},"end":{"line":227,"column":84}},"96":{"start":{"line":230,"column":4},"end":{"line":243,"column":5}},"97":{"start":{"line":231,"column":6},"end":{"line":231,"column":93}},"98":{"start":{"line":234,"column":6},"end":{"line":242,"column":7}},"99":{"start":{"line":235,"column":8},"end":{"line":235,"column":67}},"100":{"start":{"line":238,"column":8},"end":{"line":240,"column":9}},"101":{"start":{"line":239,"column":10},"end":{"line":239,"column":55}},"102":{"start":{"line":241,"column":8},"end":{"line":241,"column":15}},"103":{"start":{"line":244,"column":4},"end":{"line":244,"column":55}},"104":{"start":{"line":246,"column":4},"end":{"line":246,"column":48}},"105":{"start":{"line":249,"column":2},"end":{"line":249,"column":62}},"106":{"start":{"line":252,"column":2},"end":{"line":266,"column":3}},"107":{"start":{"line":253,"column":16},"end":{"line":253,"column":26}},"108":{"start":{"line":254,"column":26},"end":{"line":254,"column":50}},"109":{"start":{"line":255,"column":17},"end":{"line":255,"column":36}},"110":{"start":{"line":259,"column":4},"end":{"line":265,"column":5}},"111":{"start":{"line":261,"column":6},"end":{"line":263,"column":8}},"112":{"start":{"line":264,"column":6},"end":{"line":264,"column":13}},"113":{"start":{"line":270,"column":2},"end":{"line":275,"column":3}},"114":{"start":{"line":271,"column":4},"end":{"line":271,"column":70}},"115":{"start":{"line":273,"column":4},"end":{"line":273,"column":51}},"116":{"start":{"line":274,"column":4},"end":{"line":274,"column":11}},"117":{"start":{"line":279,"column":2},"end":{"line":285,"column":3}},"118":{"start":{"line":280,"column":18},"end":{"line":280,"column":55}},"119":{"start":{"line":281,"column":4},"end":{"line":284,"column":5}},"120":{"start":{"line":282,"column":6},"end":{"line":282,"column":92}},"121":{"start":{"line":283,"column":6},"end":{"line":283,"column":65}},"122":{"start":{"line":283,"column":37},"end":{"line":283,"column":63}},"123":{"start":{"line":287,"column":18},"end":{"line":287,"column":30}},"124":{"start":{"line":289,"column":18},"end":{"line":289,"column":123}},"125":{"start":{"line":290,"column":2},"end":{"line":290,"column":38}},"126":{"start":{"line":293,"column":20},"end":{"line":293,"column":24}},"127":{"start":{"line":296,"column":16},"end":{"line":296,"column":48}},"128":{"start":{"line":297,"column":19},"end":{"line":297,"column":43}},"129":{"start":{"line":300,"column":4},"end":{"line":358,"column":7}},"130":{"start":{"line":301,"column":6},"end":{"line":357,"column":9}},"131":{"start":{"line":302,"column":8},"end":{"line":356,"column":9}},"132":{"start":{"line":304,"column":10},"end":{"line":347,"column":11}},"133":{"start":{"line":312,"column":12},"end":{"line":312,"column":72}},"134":{"start":{"line":315,"column":12},"end":{"line":345,"column":15}},"135":{"start":{"line":316,"column":14},"end":{"line":322,"column":15}},"136":{"start":{"line":317,"column":16},"end":{"line":319,"column":18}},"137":{"start":{"line":320,"column":16},"end":{"line":320,"column":30}},"138":{"start":{"line":321,"column":16},"end":{"line":321,"column":23}},"139":{"start":{"line":325,"column":14},"end":{"line":344,"column":16}},"140":{"start":{"line":330,"column":38},"end":{"line":330,"column":79}},"141":{"start":{"line":332,"column":18},"end":{"line":342,"column":19}},"142":{"start":{"line":336,"column":20},"end":{"line":336,"column":70}},"143":{"start":{"line":337,"column":20},"end":{"line":337,"column":34}},"144":{"start":{"line":340,"column":20},"end":{"line":340,"column":76}},"145":{"start":{"line":341,"column":20},"end":{"line":341,"column":76}},"146":{"start":{"line":341,"column":37},"end":{"line":341,"column":68}},"147":{"start":{"line":346,"column":12},"end":{"line":346,"column":19}},"148":{"start":{"line":349,"column":10},"end":{"line":351,"column":11}},"149":{"start":{"line":350,"column":12},"end":{"line":350,"column":73}},"150":{"start":{"line":353,"column":10},"end":{"line":353,"column":24}},"151":{"start":{"line":355,"column":10},"end":{"line":355,"column":33}},"152":{"start":{"line":363,"column":17},"end":{"line":363,"column":58}},"153":{"start":{"line":364,"column":4},"end":{"line":367,"column":5}},"154":{"start":{"line":365,"column":6},"end":{"line":365,"column":58}},"155":{"start":{"line":366,"column":6},"end":{"line":366,"column":19}},"156":{"start":{"line":368,"column":4},"end":{"line":368,"column":16}},"157":{"start":{"line":372,"column":24},"end":{"line":372,"column":33}},"158":{"start":{"line":373,"column":23},"end":{"line":373,"column":31}},"159":{"start":{"line":374,"column":24},"end":{"line":374,"column":33}},"160":{"start":{"line":377,"column":4},"end":{"line":413,"column":5}},"161":{"start":{"line":379,"column":28},"end":{"line":379,"column":75}},"162":{"start":{"line":380,"column":6},"end":{"line":386,"column":7}},"163":{"start":{"line":384,"column":8},"end":{"line":384,"column":54}},"164":{"start":{"line":385,"column":8},"end":{"line":385,"column":29}},"165":{"start":{"line":387,"column":6},"end":{"line":391,"column":28}},"166":{"start":{"line":391,"column":8},"end":{"line":391,"column":28}},"167":{"start":{"line":394,"column":26},"end":{"line":394,"column":65}},"168":{"start":{"line":396,"column":6},"end":{"line":402,"column":7}},"169":{"start":{"line":400,"column":8},"end":{"line":400,"column":51}},"170":{"start":{"line":401,"column":8},"end":{"line":401,"column":29}},"171":{"start":{"line":404,"column":6},"end":{"line":406,"column":8}},"172":{"start":{"line":407,"column":6},"end":{"line":407,"column":27}},"173":{"start":{"line":409,"column":6},"end":{"line":409,"column":46}},"174":{"start":{"line":410,"column":6},"end":{"line":410,"column":27}},"175":{"start":{"line":416,"column":25},"end":{"line":416,"column":30}},"176":{"start":{"line":417,"column":19},"end":{"line":417,"column":24}},"177":{"start":{"line":419,"column":25},"end":{"line":432,"column":3}},"178":{"start":{"line":420,"column":4},"end":{"line":426,"column":5}},"179":{"start":{"line":421,"column":6},"end":{"line":421,"column":32}},"180":{"start":{"line":422,"column":6},"end":{"line":422,"column":25}},"181":{"start":{"line":423,"column":6},"end":{"line":423,"column":31}},"182":{"start":{"line":424,"column":6},"end":{"line":424,"column":51}},"183":{"start":{"line":425,"column":6},"end":{"line":425,"column":13}},"184":{"start":{"line":427,"column":4},"end":{"line":431,"column":5}},"185":{"start":{"line":428,"column":6},"end":{"line":428,"column":32}},"186":{"start":{"line":429,"column":6},"end":{"line":429,"column":31}},"187":{"start":{"line":430,"column":6},"end":{"line":430,"column":51}},"188":{"start":{"line":435,"column":2},"end":{"line":435,"column":21}},"189":{"start":{"line":438,"column":19},"end":{"line":438,"column":38}},"190":{"start":{"line":439,"column":22},"end":{"line":439,"column":27}},"191":{"start":{"line":440,"column":22},"end":{"line":440,"column":26}},"192":{"start":{"line":441,"column":25},"end":{"line":441,"column":29}},"193":{"start":{"line":442,"column":27},"end":{"line":446,"column":13}},"194":{"start":{"line":443,"column":6},"end":{"line":443,"column":75}},"195":{"start":{"line":444,"column":6},"end":{"line":444,"column":25}},"196":{"start":{"line":445,"column":6},"end":{"line":445,"column":16}},"197":{"start":{"line":449,"column":24},"end":{"line":449,"column":31}},"198":{"start":{"line":450,"column":22},"end":{"line":450,"column":27}},"199":{"start":{"line":451,"column":23},"end":{"line":451,"column":29}},"200":{"start":{"line":452,"column":23},"end":{"line":452,"column":34}},"201":{"start":{"line":454,"column":28},"end":{"line":475,"column":5}},"202":{"start":{"line":455,"column":6},"end":{"line":458,"column":7}},"203":{"start":{"line":457,"column":8},"end":{"line":457,"column":56}},"204":{"start":{"line":461,"column":6},"end":{"line":474,"column":9}},"205":{"start":{"line":462,"column":8},"end":{"line":462,"column":42}},"206":{"start":{"line":462,"column":18},"end":{"line":462,"column":42}},"207":{"start":{"line":465,"column":8},"end":{"line":473,"column":9}},"208":{"start":{"line":466,"column":10},"end":{"line":470,"column":11}},"209":{"start":{"line":467,"column":12},"end":{"line":467,"column":61}},"210":{"start":{"line":469,"column":12},"end":{"line":469,"column":18}},"211":{"start":{"line":472,"column":10},"end":{"line":472,"column":18}},"212":{"start":{"line":477,"column":20},"end":{"line":546,"column":5}},"213":{"start":{"line":478,"column":6},"end":{"line":478,"column":30}},"214":{"start":{"line":478,"column":23},"end":{"line":478,"column":30}},"215":{"start":{"line":481,"column":6},"end":{"line":490,"column":7}},"216":{"start":{"line":482,"column":8},"end":{"line":482,"column":65}},"217":{"start":{"line":484,"column":8},"end":{"line":484,"column":51}},"218":{"start":{"line":484,"column":25},"end":{"line":484,"column":51}},"219":{"start":{"line":487,"column":8},"end":{"line":487,"column":33}},"220":{"start":{"line":488,"column":8},"end":{"line":488,"column":23}},"221":{"start":{"line":489,"column":8},"end":{"line":489,"column":15}},"222":{"start":{"line":493,"column":6},"end":{"line":496,"column":7}},"223":{"start":{"line":494,"column":8},"end":{"line":494,"column":62}},"224":{"start":{"line":495,"column":8},"end":{"line":495,"column":15}},"225":{"start":{"line":498,"column":6},"end":{"line":498,"column":25}},"226":{"start":{"line":499,"column":6},"end":{"line":499,"column":32}},"227":{"start":{"line":500,"column":6},"end":{"line":500,"column":52}},"228":{"start":{"line":501,"column":6},"end":{"line":501,"column":23}},"229":{"start":{"line":504,"column":23},"end":{"line":533,"column":7}},"230":{"start":{"line":505,"column":8},"end":{"line":519,"column":9}},"231":{"start":{"line":506,"column":10},"end":{"line":516,"column":11}},"232":{"start":{"line":507,"column":12},"end":{"line":509,"column":26}},"233":{"start":{"line":508,"column":14},"end":{"line":508,"column":55}},"234":{"start":{"line":508,"column":36},"end":{"line":508,"column":55}},"235":{"start":{"line":512,"column":12},"end":{"line":515,"column":26}},"236":{"start":{"line":513,"column":14},"end":{"line":513,"column":65}},"237":{"start":{"line":513,"column":38},"end":{"line":513,"column":65}},"238":{"start":{"line":514,"column":14},"end":{"line":514,"column":34}},"239":{"start":{"line":518,"column":10},"end":{"line":518,"column":60}},"240":{"start":{"line":521,"column":8},"end":{"line":521,"column":51}},"241":{"start":{"line":521,"column":25},"end":{"line":521,"column":51}},"242":{"start":{"line":522,"column":8},"end":{"line":522,"column":61}},"243":{"start":{"line":522,"column":30},"end":{"line":522,"column":61}},"244":{"start":{"line":524,"column":8},"end":{"line":526,"column":22}},"245":{"start":{"line":525,"column":10},"end":{"line":525,"column":39}},"246":{"start":{"line":525,"column":22},"end":{"line":525,"column":39}},"247":{"start":{"line":529,"column":8},"end":{"line":532,"column":9}},"248":{"start":{"line":530,"column":10},"end":{"line":530,"column":44}},"249":{"start":{"line":531,"column":10},"end":{"line":531,"column":50}},"250":{"start":{"line":531,"column":27},"end":{"line":531,"column":42}},"251":{"start":{"line":536,"column":6},"end":{"line":545,"column":7}},"252":{"start":{"line":537,"column":8},"end":{"line":537,"column":88}},"253":{"start":{"line":538,"column":8},"end":{"line":542,"column":11}},"254":{"start":{"line":539,"column":10},"end":{"line":540,"column":41}},"255":{"start":{"line":539,"column":19},"end":{"line":539,"column":78}},"256":{"start":{"line":540,"column":15},"end":{"line":540,"column":41}},"257":{"start":{"line":541,"column":10},"end":{"line":541,"column":36}},"258":{"start":{"line":544,"column":8},"end":{"line":544,"column":19}},"259":{"start":{"line":549,"column":21},"end":{"line":549,"column":88}},"260":{"start":{"line":550,"column":18},"end":{"line":559,"column":7}},"261":{"start":{"line":561,"column":6},"end":{"line":561,"column":31}},"262":{"start":{"line":561,"column":24},"end":{"line":561,"column":31}},"263":{"start":{"line":563,"column":6},"end":{"line":563,"column":45}},"264":{"start":{"line":565,"column":6},"end":{"line":581,"column":9}},"265":{"start":{"line":566,"column":8},"end":{"line":580,"column":9}},"266":{"start":{"line":567,"column":10},"end":{"line":567,"column":50}},"267":{"start":{"line":569,"column":10},"end":{"line":569,"column":36}},"268":{"start":{"line":570,"column":10},"end":{"line":570,"column":20}},"269":{"start":{"line":572,"column":10},"end":{"line":572,"column":56}},"270":{"start":{"line":575,"column":10},"end":{"line":579,"column":20}},"271":{"start":{"line":576,"column":12},"end":{"line":576,"column":35}},"272":{"start":{"line":577,"column":12},"end":{"line":577,"column":38}},"273":{"start":{"line":578,"column":12},"end":{"line":578,"column":22}},"274":{"start":{"line":584,"column":4},"end":{"line":584,"column":40}},"275":{"start":{"line":585,"column":19},"end":{"line":802,"column":6}},"276":{"start":{"line":586,"column":6},"end":{"line":586,"column":72}},"277":{"start":{"line":587,"column":6},"end":{"line":801,"column":7}},"278":{"start":{"line":588,"column":8},"end":{"line":588,"column":32}},"279":{"start":{"line":588,"column":25},"end":{"line":588,"column":32}},"280":{"start":{"line":591,"column":8},"end":{"line":591,"column":61}},"281":{"start":{"line":591,"column":30},"end":{"line":591,"column":61}},"282":{"start":{"line":595,"column":8},"end":{"line":599,"column":9}},"283":{"start":{"line":596,"column":10},"end":{"line":596,"column":88}},"284":{"start":{"line":597,"column":10},"end":{"line":597,"column":30}},"285":{"start":{"line":598,"column":10},"end":{"line":598,"column":37}},"286":{"start":{"line":601,"column":8},"end":{"line":601,"column":29}},"287":{"start":{"line":602,"column":8},"end":{"line":602,"column":35}},"288":{"start":{"line":604,"column":8},"end":{"line":607,"column":11}},"289":{"start":{"line":605,"column":10},"end":{"line":605,"column":57}},"290":{"start":{"line":606,"column":10},"end":{"line":606,"column":20}},"291":{"start":{"line":609,"column":8},"end":{"line":609,"column":68}},"292":{"start":{"line":615,"column":8},"end":{"line":640,"column":13}},"293":{"start":{"line":616,"column":10},"end":{"line":636,"column":11}},"294":{"start":{"line":618,"column":12},"end":{"line":618,"column":39}},"295":{"start":{"line":620,"column":28},"end":{"line":620,"column":53}},"296":{"start":{"line":621,"column":12},"end":{"line":633,"column":13}},"297":{"start":{"line":622,"column":14},"end":{"line":622,"column":56}},"298":{"start":{"line":623,"column":14},"end":{"line":623,"column":59}},"299":{"start":{"line":624,"column":14},"end":{"line":624,"column":60}},"300":{"start":{"line":624,"column":39},"end":{"line":624,"column":58}},"301":{"start":{"line":625,"column":31},"end":{"line":625,"column":56}},"302":{"start":{"line":626,"column":14},"end":{"line":632,"column":15}},"303":{"start":{"line":627,"column":16},"end":{"line":627,"column":54}},"304":{"start":{"line":628,"column":16},"end":{"line":628,"column":61}},"305":{"start":{"line":629,"column":16},"end":{"line":629,"column":34}},"306":{"start":{"line":631,"column":16},"end":{"line":631,"column":40}},"307":{"start":{"line":635,"column":12},"end":{"line":635,"column":54}},"308":{"start":{"line":639,"column":10},"end":{"line":639,"column":28}},"309":{"start":{"line":644,"column":10},"end":{"line":799,"column":13}},"310":{"start":{"line":645,"column":12},"end":{"line":648,"column":13}},"311":{"start":{"line":646,"column":14},"end":{"line":646,"column":51}},"312":{"start":{"line":647,"column":14},"end":{"line":647,"column":98}},"313":{"start":{"line":651,"column":12},"end":{"line":798,"column":15}},"314":{"start":{"line":652,"column":14},"end":{"line":653,"column":93}},"315":{"start":{"line":652,"column":23},"end":{"line":652,"column":78}},"316":{"start":{"line":653,"column":19},"end":{"line":653,"column":93}},"317":{"start":{"line":655,"column":35},"end":{"line":655,"column":130}},"318":{"start":{"line":657,"column":26},"end":{"line":666,"column":15}},"319":{"start":{"line":670,"column":14},"end":{"line":797,"column":17}},"320":{"start":{"line":671,"column":16},"end":{"line":796,"column":17}},"321":{"start":{"line":672,"column":18},"end":{"line":672,"column":58}},"322":{"start":{"line":673,"column":18},"end":{"line":673,"column":28}},"323":{"start":{"line":675,"column":18},"end":{"line":675,"column":46}},"324":{"start":{"line":676,"column":18},"end":{"line":676,"column":60}},"325":{"start":{"line":680,"column":18},"end":{"line":691,"column":27}},"326":{"start":{"line":682,"column":20},"end":{"line":690,"column":21}},"327":{"start":{"line":684,"column":22},"end":{"line":689,"column":25}},"328":{"start":{"line":685,"column":24},"end":{"line":688,"column":28}},"329":{"start":{"line":686,"column":26},"end":{"line":688,"column":28}},"330":{"start":{"line":694,"column":39},"end":{"line":694,"column":49}},"331":{"start":{"line":695,"column":34},"end":{"line":695,"column":36}},"332":{"start":{"line":696,"column":44},"end":{"line":696,"column":54}},"333":{"start":{"line":698,"column":40},"end":{"line":711,"column":19}},"334":{"start":{"line":699,"column":20},"end":{"line":699,"column":48}},"335":{"start":{"line":701,"column":20},"end":{"line":705,"column":21}},"336":{"start":{"line":702,"column":22},"end":{"line":702,"column":69}},"337":{"start":{"line":703,"column":22},"end":{"line":703,"column":53}},"338":{"start":{"line":704,"column":22},"end":{"line":704,"column":55}},"339":{"start":{"line":707,"column":20},"end":{"line":710,"column":21}},"340":{"start":{"line":708,"column":22},"end":{"line":708,"column":56}},"341":{"start":{"line":709,"column":22},"end":{"line":709,"column":32}},"342":{"start":{"line":713,"column":18},"end":{"line":713,"column":53}},"343":{"start":{"line":716,"column":18},"end":{"line":719,"column":21}},"344":{"start":{"line":717,"column":20},"end":{"line":717,"column":55}},"345":{"start":{"line":718,"column":20},"end":{"line":718,"column":30}},"346":{"start":{"line":723,"column":38},"end":{"line":723,"column":42}},"347":{"start":{"line":724,"column":44},"end":{"line":724,"column":45}},"348":{"start":{"line":726,"column":35},"end":{"line":793,"column":19}},"349":{"start":{"line":727,"column":20},"end":{"line":727,"column":62}},"350":{"start":{"line":727,"column":55},"end":{"line":727,"column":62}},"351":{"start":{"line":729,"column":32},"end":{"line":729,"column":42}},"352":{"start":{"line":732,"column":20},"end":{"line":737,"column":21}},"353":{"start":{"line":734,"column":22},"end":{"line":734,"column":58}},"354":{"start":{"line":735,"column":22},"end":{"line":735,"column":32}},"355":{"start":{"line":736,"column":22},"end":{"line":736,"column":29}},"356":{"start":{"line":740,"column":20},"end":{"line":748,"column":21}},"357":{"start":{"line":745,"column":22},"end":{"line":745,"column":55}},"358":{"start":{"line":746,"column":22},"end":{"line":746,"column":32}},"359":{"start":{"line":747,"column":22},"end":{"line":747,"column":29}},"360":{"start":{"line":750,"column":20},"end":{"line":787,"column":21}},"361":{"start":{"line":751,"column":37},"end":{"line":759,"column":24}},"362":{"start":{"line":752,"column":34},"end":{"line":752,"column":86}},"363":{"start":{"line":752,"column":51},"end":{"line":752,"column":79}},"364":{"start":{"line":753,"column":24},"end":{"line":758,"column":27}},"365":{"start":{"line":755,"column":26},"end":{"line":755,"column":42}},"366":{"start":{"line":756,"column":26},"end":{"line":757,"column":42}},"367":{"start":{"line":756,"column":35},"end":{"line":756,"column":47}},"368":{"start":{"line":757,"column":31},"end":{"line":757,"column":42}},"369":{"start":{"line":762,"column":22},"end":{"line":762,"column":46}},"370":{"start":{"line":765,"column":22},"end":{"line":765,"column":44}},"371":{"start":{"line":767,"column":22},"end":{"line":767,"column":44}},"372":{"start":{"line":770,"column":34},"end":{"line":770,"column":57}},"373":{"start":{"line":771,"column":22},"end":{"line":779,"column":23}},"374":{"start":{"line":777,"column":24},"end":{"line":777,"column":77}},"375":{"start":{"line":778,"column":24},"end":{"line":778,"column":49}},"376":{"start":{"line":782,"column":22},"end":{"line":786,"column":23}},"377":{"start":{"line":783,"column":24},"end":{"line":783,"column":60}},"378":{"start":{"line":784,"column":24},"end":{"line":784,"column":34}},"379":{"start":{"line":785,"column":24},"end":{"line":785,"column":31}},"380":{"start":{"line":790,"column":20},"end":{"line":792,"column":21}},"381":{"start":{"line":791,"column":22},"end":{"line":791,"column":49}},"382":{"start":{"line":795,"column":18},"end":{"line":795,"column":29}},"383":{"start":{"line":808,"column":2},"end":{"line":808,"column":32}},"384":{"start":{"line":815,"column":2},"end":{"line":821,"column":3}},"385":{"start":{"line":816,"column":4},"end":{"line":820,"column":5}},"386":{"start":{"line":817,"column":6},"end":{"line":817,"column":62}},"387":{"start":{"line":819,"column":6},"end":{"line":819,"column":40}},"388":{"start":{"line":823,"column":22},"end":{"line":823,"column":78}},"389":{"start":{"line":826,"column":2},"end":{"line":838,"column":3}},"390":{"start":{"line":827,"column":4},"end":{"line":827,"column":60}},"391":{"start":{"line":828,"column":4},"end":{"line":837,"column":5}},"392":{"start":{"line":829,"column":18},"end":{"line":829,"column":184}},"393":{"start":{"line":830,"column":23},"end":{"line":830,"column":43}},"394":{"start":{"line":831,"column":6},"end":{"line":831,"column":67}},"395":{"start":{"line":832,"column":6},"end":{"line":832,"column":75}},"396":{"start":{"line":833,"column":6},"end":{"line":833,"column":48}},"397":{"start":{"line":835,"column":6},"end":{"line":835,"column":45}},"398":{"start":{"line":836,"column":6},"end":{"line":836,"column":13}},"399":{"start":{"line":841,"column":2},"end":{"line":841,"column":27}},"400":{"start":{"line":844,"column":16},"end":{"line":844,"column":55}},"401":{"start":{"line":845,"column":16},"end":{"line":845,"column":38}},"402":{"start":{"line":846,"column":14},"end":{"line":846,"column":34}},"403":{"start":{"line":848,"column":20},"end":{"line":848,"column":42}},"404":{"start":{"line":849,"column":2},"end":{"line":849,"column":65}},"405":{"start":{"line":849,"column":18},"end":{"line":849,"column":65}},"406":{"start":{"line":852,"column":21},"end":{"line":852,"column":88}},"407":{"start":{"line":852,"column":43},"end":{"line":852,"column":87}},"408":{"start":{"line":853,"column":2},"end":{"line":853,"column":64}},"409":{"start":{"line":853,"column":19},"end":{"line":853,"column":64}},"410":{"start":{"line":855,"column":18},"end":{"line":855,"column":36}},"411":{"start":{"line":856,"column":2},"end":{"line":856,"column":63}},"412":{"start":{"line":858,"column":18},"end":{"line":858,"column":61}},"413":{"start":{"line":860,"column":2},"end":{"line":888,"column":5}},"414":{"start":{"line":861,"column":18},"end":{"line":861,"column":47}},"415":{"start":{"line":862,"column":29},"end":{"line":862,"column":47}},"416":{"start":{"line":863,"column":25},"end":{"line":863,"column":99}},"417":{"start":{"line":865,"column":32},"end":{"line":865,"column":33}},"418":{"start":{"line":868,"column":4},"end":{"line":870,"column":5}},"419":{"start":{"line":869,"column":6},"end":{"line":869,"column":13}},"420":{"start":{"line":872,"column":21},"end":{"line":872,"column":95}},"421":{"start":{"line":873,"column":22},"end":{"line":873,"column":39}},"422":{"start":{"line":876,"column":22},"end":{"line":876,"column":74}},"423":{"start":{"line":879,"column":4},"end":{"line":881,"column":5}},"424":{"start":{"line":880,"column":6},"end":{"line":880,"column":81}},"425":{"start":{"line":883,"column":4},"end":{"line":885,"column":7}},"426":{"start":{"line":884,"column":6},"end":{"line":884,"column":63}},"427":{"start":{"line":887,"column":4},"end":{"line":887,"column":86}},"428":{"start":{"line":892,"column":0},"end":{"line":892,"column":40}},"429":{"start":{"line":893,"column":0},"end":{"line":893,"column":16}},"430":{"start":{"line":896,"column":0},"end":{"line":896,"column":49}},"431":{"start":{"line":899,"column":0},"end":{"line":922,"column":1}},"432":{"start":{"line":900,"column":2},"end":{"line":900,"column":27}},"433":{"start":{"line":903,"column":2},"end":{"line":903,"column":36}},"434":{"start":{"line":906,"column":18},"end":{"line":906,"column":61}},"435":{"start":{"line":907,"column":23},"end":{"line":907,"column":75}},"436":{"start":{"line":907,"column":43},"end":{"line":907,"column":74}},"437":{"start":{"line":909,"column":19},"end":{"line":911,"column":12}},"438":{"start":{"line":912,"column":18},"end":{"line":912,"column":94}},"439":{"start":{"line":913,"column":20},"end":{"line":913,"column":36}},"440":{"start":{"line":915,"column":2},"end":{"line":915,"column":97}},"441":{"start":{"line":917,"column":2},"end":{"line":921,"column":11}},"442":{"start":{"line":918,"column":4},"end":{"line":918,"column":29}},"443":{"start":{"line":920,"column":4},"end":{"line":920,"column":55}}},"fnMap":{"0":{"name":"debugLog","decl":{"start":{"line":16,"column":9},"end":{"line":16,"column":17}},"loc":{"start":{"line":16,"column":23},"end":{"line":18,"column":1}},"line":16},"1":{"name":"log","decl":{"start":{"line":59,"column":9},"end":{"line":59,"column":12}},"loc":{"start":{"line":59,"column":18},"end":{"line":61,"column":1}},"line":59},"2":{"name":"getLocalIp","decl":{"start":{"line":63,"column":9},"end":{"line":63,"column":19}},"loc":{"start":{"line":63,"column":22},"end":{"line":79,"column":1}},"line":63},"3":{"name":"ensureAudioCache","decl":{"start":{"line":82,"column":15},"end":{"line":82,"column":31}},"loc":{"start":{"line":82,"column":34},"end":{"line":107,"column":1}},"line":82},"4":{"name":"(anonymous_4)","decl":{"start":{"line":90,"column":44},"end":{"line":90,"column":45}},"loc":{"start":{"line":90,"column":53},"end":{"line":92,"column":3}},"line":90},"5":{"name":"(anonymous_5)","decl":{"start":{"line":118,"column":30},"end":{"line":118,"column":31}},"loc":{"start":{"line":118,"column":50},"end":{"line":135,"column":1}},"line":118},"6":{"name":"generateVideoFile","decl":{"start":{"line":138,"column":9},"end":{"line":138,"column":26}},"loc":{"start":{"line":138,"column":66},"end":{"line":215,"column":1}},"line":138},"7":{"name":"(anonymous_7)","decl":{"start":{"line":139,"column":21},"end":{"line":139,"column":22}},"loc":{"start":{"line":139,"column":48},"end":{"line":214,"column":3}},"line":139},"8":{"name":"(anonymous_8)","decl":{"start":{"line":205,"column":17},"end":{"line":205,"column":18}},"loc":{"start":{"line":205,"column":23},"end":{"line":209,"column":7}},"line":205},"9":{"name":"(anonymous_9)","decl":{"start":{"line":210,"column":19},"end":{"line":210,"column":20}},"loc":{"start":{"line":210,"column":28},"end":{"line":213,"column":7}},"line":210},"10":{"name":"(anonymous_10)","decl":{"start":{"line":217,"column":30},"end":{"line":217,"column":31}},"loc":{"start":{"line":217,"column":36},"end":{"line":219,"column":1}},"line":217},"11":{"name":"executePreFlightAndCast","decl":{"start":{"line":222,"column":15},"end":{"line":222,"column":38}},"loc":{"start":{"line":222,"column":81},"end":{"line":804,"column":1}},"line":222},"12":{"name":"(anonymous_12)","decl":{"start":{"line":226,"column":39},"end":{"line":226,"column":40}},"loc":{"start":{"line":226,"column":52},"end":{"line":228,"column":5}},"line":226},"13":{"name":"(anonymous_13)","decl":{"start":{"line":227,"column":62},"end":{"line":227,"column":63}},"loc":{"start":{"line":227,"column":71},"end":{"line":227,"column":84}},"line":227},"14":{"name":"(anonymous_14)","decl":{"start":{"line":283,"column":24},"end":{"line":283,"column":25}},"loc":{"start":{"line":283,"column":37},"end":{"line":283,"column":63}},"line":283},"15":{"name":"adbCommand","decl":{"start":{"line":299,"column":11},"end":{"line":299,"column":21}},"loc":{"start":{"line":299,"column":41},"end":{"line":359,"column":3}},"line":299},"16":{"name":"(anonymous_16)","decl":{"start":{"line":300,"column":23},"end":{"line":300,"column":24}},"loc":{"start":{"line":300,"column":36},"end":{"line":358,"column":5}},"line":300},"17":{"name":"(anonymous_17)","decl":{"start":{"line":301,"column":56},"end":{"line":301,"column":57}},"loc":{"start":{"line":301,"column":83},"end":{"line":357,"column":7}},"line":301},"18":{"name":"(anonymous_18)","decl":{"start":{"line":315,"column":44},"end":{"line":315,"column":45}},"loc":{"start":{"line":315,"column":57},"end":{"line":345,"column":13}},"line":315},"19":{"name":"(anonymous_19)","decl":{"start":{"line":328,"column":16},"end":{"line":328,"column":17}},"loc":{"start":{"line":328,"column":32},"end":{"line":343,"column":17}},"line":328},"20":{"name":"(anonymous_20)","decl":{"start":{"line":341,"column":31},"end":{"line":341,"column":32}},"loc":{"start":{"line":341,"column":37},"end":{"line":341,"column":68}},"line":341},"21":{"name":"verifyTvConnection","decl":{"start":{"line":362,"column":17},"end":{"line":362,"column":35}},"loc":{"start":{"line":362,"column":38},"end":{"line":369,"column":3}},"line":362},"22":{"name":"checkTvMediaState","decl":{"start":{"line":376,"column":17},"end":{"line":376,"column":34}},"loc":{"start":{"line":376,"column":37},"end":{"line":414,"column":3}},"line":376},"23":{"name":"(anonymous_23)","decl":{"start":{"line":419,"column":25},"end":{"line":419,"column":26}},"loc":{"start":{"line":419,"column":37},"end":{"line":432,"column":3}},"line":419},"24":{"name":"findAdhanSpeaker","decl":{"start":{"line":437,"column":11},"end":{"line":437,"column":27}},"loc":{"start":{"line":437,"column":30},"end":{"line":803,"column":3}},"line":437},"25":{"name":"(anonymous_25)","decl":{"start":{"line":442,"column":38},"end":{"line":442,"column":39}},"loc":{"start":{"line":442,"column":44},"end":{"line":446,"column":5}},"line":442},"26":{"name":"(anonymous_26)","decl":{"start":{"line":454,"column":28},"end":{"line":454,"column":29}},"loc":{"start":{"line":454,"column":41},"end":{"line":475,"column":5}},"line":454},"27":{"name":"(anonymous_27)","decl":{"start":{"line":461,"column":33},"end":{"line":461,"column":34}},"loc":{"start":{"line":461,"column":50},"end":{"line":474,"column":7}},"line":461},"28":{"name":"(anonymous_28)","decl":{"start":{"line":477,"column":20},"end":{"line":477,"column":21}},"loc":{"start":{"line":477,"column":26},"end":{"line":546,"column":5}},"line":477},"29":{"name":"(anonymous_29)","decl":{"start":{"line":504,"column":23},"end":{"line":504,"column":24}},"loc":{"start":{"line":504,"column":29},"end":{"line":533,"column":7}},"line":504},"30":{"name":"(anonymous_30)","decl":{"start":{"line":531,"column":21},"end":{"line":531,"column":22}},"loc":{"start":{"line":531,"column":27},"end":{"line":531,"column":42}},"line":531},"31":{"name":"(anonymous_31)","decl":{"start":{"line":538,"column":40},"end":{"line":538,"column":41}},"loc":{"start":{"line":538,"column":49},"end":{"line":542,"column":9}},"line":538},"32":{"name":"castDuaImage","decl":{"start":{"line":548,"column":13},"end":{"line":548,"column":25}},"loc":{"start":{"line":548,"column":28},"end":{"line":582,"column":5}},"line":548},"33":{"name":"(anonymous_33)","decl":{"start":{"line":565,"column":30},"end":{"line":565,"column":31}},"loc":{"start":{"line":565,"column":45},"end":{"line":581,"column":7}},"line":565},"34":{"name":"(anonymous_34)","decl":{"start":{"line":575,"column":35},"end":{"line":575,"column":36}},"loc":{"start":{"line":575,"column":41},"end":{"line":579,"column":11}},"line":575},"35":{"name":"(anonymous_35)","decl":{"start":{"line":585,"column":39},"end":{"line":585,"column":40}},"loc":{"start":{"line":585,"column":57},"end":{"line":802,"column":5}},"line":585},"36":{"name":"(anonymous_36)","decl":{"start":{"line":604,"column":27},"end":{"line":604,"column":28}},"loc":{"start":{"line":604,"column":33},"end":{"line":607,"column":9}},"line":604},"37":{"name":"(anonymous_37)","decl":{"start":{"line":615,"column":9},"end":{"line":615,"column":10}},"loc":{"start":{"line":615,"column":21},"end":{"line":640,"column":9}},"line":615},"38":{"name":"(anonymous_38)","decl":{"start":{"line":624,"column":32},"end":{"line":624,"column":33}},"loc":{"start":{"line":624,"column":39},"end":{"line":624,"column":58}},"line":624},"39":{"name":"proceedWithCast","decl":{"start":{"line":642,"column":17},"end":{"line":642,"column":32}},"loc":{"start":{"line":642,"column":35},"end":{"line":800,"column":9}},"line":642},"40":{"name":"(anonymous_40)","decl":{"start":{"line":644,"column":35},"end":{"line":644,"column":36}},"loc":{"start":{"line":644,"column":52},"end":{"line":799,"column":11}},"line":644},"41":{"name":"(anonymous_41)","decl":{"start":{"line":651,"column":56},"end":{"line":651,"column":57}},"loc":{"start":{"line":651,"column":65},"end":{"line":798,"column":13}},"line":651},"42":{"name":"(anonymous_42)","decl":{"start":{"line":670,"column":33},"end":{"line":670,"column":34}},"loc":{"start":{"line":670,"column":48},"end":{"line":797,"column":15}},"line":670},"43":{"name":"(anonymous_43)","decl":{"start":{"line":680,"column":29},"end":{"line":680,"column":30}},"loc":{"start":{"line":680,"column":35},"end":{"line":691,"column":19}},"line":680},"44":{"name":"(anonymous_44)","decl":{"start":{"line":684,"column":66},"end":{"line":684,"column":67}},"loc":{"start":{"line":684,"column":75},"end":{"line":689,"column":23}},"line":684},"45":{"name":"(anonymous_45)","decl":{"start":{"line":698,"column":40},"end":{"line":698,"column":41}},"loc":{"start":{"line":698,"column":52},"end":{"line":711,"column":19}},"line":698},"46":{"name":"(anonymous_46)","decl":{"start":{"line":716,"column":40},"end":{"line":716,"column":41}},"loc":{"start":{"line":716,"column":46},"end":{"line":719,"column":19}},"line":716},"47":{"name":"(anonymous_47)","decl":{"start":{"line":726,"column":35},"end":{"line":726,"column":36}},"loc":{"start":{"line":726,"column":47},"end":{"line":793,"column":19}},"line":726},"48":{"name":"(anonymous_48)","decl":{"start":{"line":751,"column":55},"end":{"line":751,"column":56}},"lo
[...]
,"/Users/bilalmac2/adhan-api/audio-caster/visual_generator.js": {"path":"/Users/bilalmac2/adhan-api/audio-caster/visual_generator.js","statementMap":{"0":{"start":{"line":1,"column":50},"end":{"line":1,"column":67}},"1":{"start":{"line":2,"column":14},"end":{"line":2,"column":30}},"2":{"start":{"line":3,"column":13},"end":{"line":3,"column":28}},"3":{"start":{"line":4,"column":11},"end":{"line":4,"column":24}},"4":{"start":{"line":5,"column":21},"end":{"line":5,"column":37}},"5":{"start":{"line":9,"column":4},"end":{"line":9,"column":25}},"6":{"start":{"line":11,"column":4},"end":{"line":11,"column":22}},"7":{"start":{"line":12,"column":4},"end":{"line":12,"column":22}},"8":{"start":{"line":13,"column":4},"end":{"line":13,"column":50}},"9":{"start":{"line":14,"column":4},"end":{"line":14,"column":64}},"10":{"start":{"line":21,"column":4},"end":{"line":23,"column":5}},"11":{"start":{"line":22,"column":6},"end":{"line":22,"column":55}},"12":{"start":{"line":26,"column":4},"end":{"line":28,"column":5}},"13":{"start":{"line":27,"column":6},"end":{"line":27,"column":45}},"14":{"start":{"line":33,"column":16},"end":{"line":33,"column":84}},"15":{"start":{"line":34,"column":4},"end":{"line":34,"column":70}},"16":{"start":{"line":35,"column":4},"end":{"line":46,"column":5}},"17":{"start":{"line":36,"column":23},"end":{"line":36,"column":76}},"18":{"start":{"line":38,"column":21},"end":{"line":38,"column":46}},"19":{"start":{"line":39,"column":6},"end":{"line":41,"column":7}},"20":{"start":{"line":40,"column":8},"end":{"line":40,"column":50}},"21":{"start":{"line":42,"column":6},"end":{"line":42,"column":51}},"22":{"start":{"line":43,"column":6},"end":{"line":43,"column":69}},"23":{"start":{"line":45,"column":6},"end":{"line":45,"column":70}},"24":{"start":{"line":50,"column":22},"end":{"line":50,"column":55}},"25":{"start":{"line":51,"column":4},"end":{"line":54,"column":5}},"26":{"start":{"line":52,"column":6},"end":{"line":52,"column":68}},"27":{"start":{"line":53,"column":6},"end":{"line":53,"column":25}},"28":{"start":{"line":56,"column":18},"end":{"line":56,"column":43}},"29":{"start":{"line":57,"column":21},"end":{"line":57,"column":23}},"30":{"start":{"line":61,"column":4},"end":{"line":68,"column":5}},"31":{"start":{"line":62,"column":6},"end":{"line":64,"column":7}},"32":{"start":{"line":63,"column":8},"end":{"line":63,"column":61}},"33":{"start":{"line":65,"column":6},"end":{"line":67,"column":7}},"34":{"start":{"line":66,"column":8},"end":{"line":66,"column":61}},"35":{"start":{"line":71,"column":4},"end":{"line":87,"column":5}},"36":{"start":{"line":72,"column":6},"end":{"line":72,"column":68}},"37":{"start":{"line":72,"column":39},"end":{"line":72,"column":66}},"38":{"start":{"line":77,"column":6},"end":{"line":86,"column":9}},"39":{"start":{"line":79,"column":8},"end":{"line":79,"column":48}},"40":{"start":{"line":79,"column":35},"end":{"line":79,"column":48}},"41":{"start":{"line":82,"column":8},"end":{"line":84,"column":9}},"42":{"start":{"line":83,"column":10},"end":{"line":83,"column":69}},"43":{"start":{"line":83,"column":56},"end":{"line":83,"column":69}},"44":{"start":{"line":85,"column":8},"end":{"line":85,"column":20}},"45":{"start":{"line":89,"column":4},"end":{"line":92,"column":5}},"46":{"start":{"line":90,"column":6},"end":{"line":90,"column":71}},"47":{"start":{"line":91,"column":6},"end":{"line":91,"column":25}},"48":{"start":{"line":95,"column":19},"end":{"line":95,"column":76}},"49":{"start":{"line":96,"column":4},"end":{"line":96,"column":54}},"50":{"start":{"line":97,"column":4},"end":{"line":97,"column":40}},"51":{"start":{"line":101,"column":4},"end":{"line":114,"column":5}},"52":{"start":{"line":103,"column":18},"end":{"line":103,"column":177}},"53":{"start":{"line":104,"column":18},"end":{"line":104,"column":38}},"54":{"start":{"line":105,"column":22},"end":{"line":105,"column":38}},"55":{"start":{"line":106,"column":6},"end":{"line":110,"column":8}},"56":{"start":{"line":112,"column":6},"end":{"line":112,"column":59}},"57":{"start":{"line":113,"column":6},"end":{"line":113,"column":49}},"58":{"start":{"line":119,"column":4},"end":{"line":122,"column":5}},"59":{"start":{"line":120,"column":6},"end":{"line":120,"column":33}},"60":{"start":{"line":120,"column":22},"end":{"line":120,"column":33}},"61":{"start":{"line":121,"column":6},"end":{"line":121,"column":48}},"62":{"start":{"line":121,"column":36},"end":{"line":121,"column":48}},"63":{"start":{"line":126,"column":18},"end":{"line":148,"column":5}},"64":{"start":{"line":151,"column":4},"end":{"line":151,"column":45}},"65":{"start":{"line":151,"column":34},"end":{"line":151,"column":45}},"66":{"start":{"line":152,"column":4},"end":{"line":152,"column":47}},"67":{"start":{"line":152,"column":34},"end":{"line":152,"column":47}},"68":{"start":{"line":153,"column":4},"end":{"line":153,"column":46}},"69":{"start":{"line":153,"column":34},"end":{"line":153,"column":46}},"70":{"start":{"line":155,"column":4},"end":{"line":155,"column":32}},"71":{"start":{"line":159,"column":4},"end":{"line":159,"column":22}},"72":{"start":{"line":161,"column":19},"end":{"line":161,"column":56}},"73":{"start":{"line":162,"column":16},"end":{"line":162,"column":39}},"74":{"start":{"line":165,"column":19},"end":{"line":165,"column":66}},"75":{"start":{"line":168,"column":4},"end":{"line":175,"column":5}},"76":{"start":{"line":169,"column":6},"end":{"line":169,"column":38}},"77":{"start":{"line":171,"column":6},"end":{"line":171,"column":76}},"78":{"start":{"line":173,"column":6},"end":{"line":173,"column":78}},"79":{"start":{"line":173,"column":39},"end":{"line":173,"column":78}},"80":{"start":{"line":174,"column":6},"end":{"line":174,"column":43}},"81":{"start":{"line":179,"column":18},"end":{"line":179,"column":88}},"82":{"start":{"line":180,"column":14},"end":{"line":180,"column":56}},"83":{"start":{"line":181,"column":14},"end":{"line":181,"column":58}},"84":{"start":{"line":182,"column":4},"end":{"line":182,"column":74}},"85":{"start":{"line":185,"column":21},"end":{"line":185,"column":67}},"86":{"start":{"line":186,"column":4},"end":{"line":186,"column":48}},"87":{"start":{"line":187,"column":4},"end":{"line":187,"column":50}},"88":{"start":{"line":188,"column":4},"end":{"line":188,"column":48}},"89":{"start":{"line":189,"column":4},"end":{"line":189,"column":29}},"90":{"start":{"line":190,"column":4},"end":{"line":190,"column":48}},"91":{"start":{"line":193,"column":4},"end":{"line":193,"column":30}},"92":{"start":{"line":194,"column":4},"end":{"line":194,"column":29}},"93":{"start":{"line":197,"column":4},"end":{"line":197,"column":40}},"94":{"start":{"line":198,"column":4},"end":{"line":198,"column":24}},"95":{"start":{"line":199,"column":4},"end":{"line":199,"column":26}},"96":{"start":{"line":200,"column":4},"end":{"line":200,"column":26}},"97":{"start":{"line":204,"column":4},"end":{"line":204,"column":62}},"98":{"start":{"line":205,"column":4},"end":{"line":205,"column":67}},"99":{"start":{"line":209,"column":4},"end":{"line":209,"column":57}},"100":{"start":{"line":210,"column":4},"end":{"line":210,"column":68}},"101":{"start":{"line":213,"column":4},"end":{"line":213,"column":27}},"102":{"start":{"line":214,"column":20},"end":{"line":214,"column":22}},"103":{"start":{"line":217,"column":24},"end":{"line":217,"column":40}},"104":{"start":{"line":218,"column":21},"end":{"line":218,"column":38}},"105":{"start":{"line":221,"column":16},"end":{"line":221,"column":60}},"106":{"start":{"line":222,"column":20},"end":{"line":222,"column":48}},"107":{"start":{"line":225,"column":4},"end":{"line":225,"column":33}},"108":{"start":{"line":226,"column":4},"end":{"line":226,"column":45}},"109":{"start":{"line":229,"column":4},"end":{"line":234,"column":5}},"110":{"start":{"line":230,"column":6},"end":{"line":230,"column":32}},"111":{"start":{"line":232,"column":6},"end":{"line":232,"column":37}},"112":{"start":{"line":233,"column":6},"end":{"line":233,"column":52}},"113":{"start":{"line":237,"column":20},"end":{"line":237,"column":43}},"114":{"start":{"line":238,"column":17},"end":{"line":238,"column":65}},"115":{"start":{"line":240,"column":4},"end":{"line":240,"column":30}},"116":{"start":{"line":241,"column":4},"end":{"line":241,"column":28}},"117":{"start":{"line":244,"column":4},"end":{"line":244,"column":33}},"118":{"start":{"line":245,"column":21},"end":{"line":245,"column":33}},"119":{"start":{"line":246,"column":4},"end":{"line":246,"column":59}},"120":{"start":{"line":249,"column":22},"end":{"line":249,"column":53}},"121":{"start":{"line":250,"column":4},"end":{"line":250,"column":28}},"122":{"start":{"line":252,"column":4},"end":{"line":252,"column":33}},"123":{"start":{"line":255,"column":4},"end":{"line":255,"column":72}},"124":{"start":{"line":258,"column":4},"end":{"line":258,"column":33}},"125":{"start":{"line":259,"column":4},"end":{"line":259,"column":79}},"126":{"start":{"line":261,"column":4},"end":{"line":261,"column":60}},"127":{"start":{"line":265,"column":0},"end":{"line":265,"column":33}}},"fnMap":{"0":{"name":"(anonymous_0)","decl":{"start":{"line":8,"column":2},"end":{"line":8,"column":3}},"loc":{"start":{"line":8,"column":22},"end":{"line":15,"column":3}},"line":8},"1":{"name":"(anonymous_1)","decl":{"start":{"line":19,"column":2},"end":{"line":19,"column":3}},"loc":{"start":{"line":19,"column":15},"end":{"line":29,"column":3}},"line":19},"2":{"name":"(anonymous_2)","decl":{"start":{"line":31,"column":2},"end":{"line":31,"column":3}},"loc":{"start":{"line":31,"column":36},"end":{"line":47,"column":3}},"line":31},"3":{"name":"(anonymous_3)","decl":{"start":{"line":49,"column":2},"end":{"line":49,"column":3}},"loc":{"start":{"line":49,"column":41},"end":{"line":98,"column":3}},"line":49},"4":{"name":"(anonymous_4)","decl":{"start":{"line":72,"column":32},"end":{"line":72,"column":33}},"loc":{"start":{"line":72,"column":39},"end":{"line":72,"column":66}},"line":72},"5":{"name":"(anonymous_5)","decl":{"start":{"line":77,"column":32},"end":{"line":77,"column":33}},"loc":{"start":{"line":77,"column":39},"end":{"line":86,"column":7}},"line":77},"6":{"name":"(anonymous_6)","decl":{"start":{"line":100,"column":2},"end":{"line":100,"column":3}},"loc":{"start":{"line":100,"column":21},"end":{"line":115,"column":3}},"line":100},"7":{"name":"(anonymous_7)","decl":{"start":{"line":117,"column":2},"end":{"line":117,"column":3}},"loc":{"start":{"line":117,"column":30},"end":{"line":156,"column":3}},"line":117},"8":{"name":"(anonymous_8)","decl":{"start":{"line":158,"column":2},"end":{"line":158,"column":3}},"loc":{"start":{"line":158,"column":75},"end":{"line":262,"column":3}},"line":158}},"branchMap":{"0":{"loc":{"start":{"line":21,"column":4},"end":{"line":23,"column":5}},"type":"if","locations":[{"start":{"line":21,"column":4},"end":{"line":23,"column":5}},{"start":{},"end":{}}],"line":21},"1":{"loc":{"start":{"line":26,"column":4},"end":{"line":28,"column":5}},"type":"if","locations":[{"start":{"line":26,"column":4},"end":{"line":28,"column":5}},{"start":{},"end":{}}],"line":26},"2":{"loc":{"start":{"line":39,"column":6},"end":{"line":41,"column":7}},"type":"if","locations":[{"start":{"line":39,"column":6},"end":{"line":41,"column":7}},{"start":{},"end":{}}],"line":39},"3":{"loc":{"start":{"line":51,"column":4},"end":{"line":54,"column":5}},"type":"if","locations":[{"start":{"line":51,"column":4},"end":{"line":54,"column":5}},{"start":{},"end":{}}],"line":51},"4":{"loc":{"start":{"line":61,"column":4},"end":{"line":68,"column":5}},"type":"if","locations":[{"start":{"line":61,"column":4},"end":{"line":68,"column":5}},{"start":{},"end":{}}],"line":61},"5":{"loc":{"start":{"line":61,"column":8},"end":{"line":61,"column":47}},"type":"binary-expr","locations":[{"start":{"line":61,"column":8},"end":{"line":61,"column":26}},{"start":{"line":61,"column":30},"end":{"line":61,"column":47}}],"line":61},"6":{"loc":{"start":{"line":62,"column":6},"end":{"line":64,"column":7}},"type":"if","locations":[{"start":{"line":62,"column":6},"end":{"line":64,"column":7}},{"start":{},"end":{}}],"line":62},"7":{"loc":{"start":{"line":65,"column":6},"end":{"line":67,"column":7}},"type":"if","locations":[{"start":{"line":65,"column":6},"end":{"line":67,"column":7}},{"start":{},"end":{}}],"line":65},"8":{"loc":{"start":{"line":71,"column":4},"end":{"line":87,"column":5}},"type":"if","locations":[{"start":{"line":71,"column":4},"end":{"line":87,"column":5}},{"start":{"line":76,"column":9},"end":{"line":87,"column":5}}],"line":71},"9":{"loc":{"start":{"line":71,"column":8},"end":{"line":71,"column":47}},"type":"binary-expr","locations":[{"start":{"line":71,"column":8},"end":{"line":71,"column":26}},{"start":{"line":71,"column":30},"end":{"line":71,"column":47}}],"line":71},"10":{"loc":{"start":{"line":79,"column":8},"end":{"line":79,"column":48}},"type":"if","locations":[{"start":{"line":79,"column":8},"end":{"line":79,"column":48}},{"start":{},"end":{}}],"line":79},"11":{"loc":{"start":{"line":82,"column":8},"end":{"line":84,"column":9}},"type":"if","locations":[{"start":{"line":82,"column":8},"end":{"line":84,"column":9}},{"start":{},"end":{}}],"line":82},"12":{"loc":{"start":{"line":83,"column":10},"end":{"line":83,"column":69}},"type":"if","locations":[{"start":{"line":83,"column":10},"end":{"line":83,"column":69}},{"start":{},"end":{}}],"line":83},"13":{"loc":{"start":{"line":83,"column":14},"end":{"line":83,"column":54}},"type":"binary-expr","locations":[{"start":{"line":83,"column":14},"end":{"line":83,"column":33}},{"start":{"line":83,"column":37},"end":{"line":83,"column":54}}],"line":83},"14":{"loc":{"start":{"line":89,"column":4},"end":{"line":92,"column":5}},"type":"if","locations":[{"start":{"line":89,"column":4},"end":{"line":92,"column":5}},{"start":{},"end":{}}],"line":89},"15":{"loc":{"start":{"line":119,"column":4},"end":{"line":122,"column":5}},"type":"if","locations":[{"start":{"line":119,"column":4},"end":{"line":122,"column":5}},{"start":{},"end":{}}],"line":119},"16":{"loc":{"start":{"line":120,"column":6},"end":{"line":120,"column":33}},"type":"if","locations":[{"start":{"line":120,"column":6},"end":{"line":120,"column":33}},{"start":{},"end":{}}],"line":120},"17":{"loc":{"start":{"line":121,"column":6},"end":{"line":121,"column":48}},"type":"if","locations":[{"start":{"line":121,"column":6},"end":{"line":121,"column":48}},{"start":{},"end":{}}],"line":121},"18":{"loc":{"start":{"line":121,"column":10},"end":{"line":121,"column":34}},"type":"binary-expr","locations":[{"start":{"line":121,"column":10},"end":{"line":121,"column":20}},{"start":{"line":121,"column":24},"end":{"line":121,"column":34}}],"line":121},"19":{"loc":{"start":{"line":151,"column":4},"end":{"line":151,"column":45}},"type":"if","locations":[{"start":{"line":151,"column":4},"end":{"line":151,"column":45}},{"start":{},"end":{}}],"line":151},"20":{"loc":{"start":{"line":151,"column":8},"end":{"line":151,"column":32}},"type":"binary-expr","locations":[{"start":{"line":151,"column":8},"end":{"line":151,"column":18}},{"start":{"line":151,"column":22},"end":{"line":151,"column":32}}],"line":151},"21":{"loc":{"start":{"line":152,"column":4},"end":{"line":152,"column":47}},"type":"if","locations":[{"start":{"line":152,"column":4},"end":{"line":152,"column":47}},{"start":{},"end":{}}],"line":152},"22":{"loc":{"start":{"line":152,"column":8},"end":{"line":152,"column":32}},"type":"binary-expr","locations":[{"start":{"line":152,"column":8},"end":{"line":152,"column":18}},{"start":{"line":152,"column":22},"end":{"line":152,"column":32}}],"line":152},"23":{"loc":{"start":{"line":153,"column":4},"end":{"line":153,"column":46}},"type":"if","locations":[{"start":{"line":153,"column":4},"end":{"line":153,"column":46}},{"start":{},"end":{}}],"line":153},"24":{"loc":{"start":{"line":153,"column":8},"end":{"line":153,"column":32}},"type":"binary-expr","locations":[{"start":{"line":153,"column":8},"end":{"line":153,"column":18}},{"start":{"line":153,"column":22},"end":{"line":153,"column":32}}],"line":153},"25":{"loc":{"start":{"line":155,"column":11},"end":{"line":155,"column":31}},"type":"binary-expr","locations":[{"start":{"line":155,"column":11},"end":{"line":155,"column":22}},{"start":{"line":155,"column":26},"end":{"line":155,"column":31}}],"line":155},"26":{"loc":{"start":{"line":158,"column":61},"end":{"line":158,"column":73}},"type":"default-arg","locations":[{"start":{"line":158,"column":71},"end":{"line":158,"column":73}}],"line":158},"27":{"loc":{"start":{"line":173,"column":6},"end":{"line":173,"column":78}},"type":"if","locations":[{"start":{"line":173,"column":6},"end":{"line":173,"column":78}},{"start":{},"end":{}}],"line":173},"28":{"loc":{"start":{"line":229,"column":4},"end":{"line":234,"column":5}},"type":"if","locations":[{"start":{"line":229,"column":4},"end":{"line":234,"column":5}},{"start":{},"end":{}}],"line":229}},"s":{"0":0,"1":0,"2":0,"3":0,"4":0,"5":0,"6":0,"7":0,"8":0,"9":0,"10":0,"11":0,"12":0,"13":0,"14":0,"15":0,"16":0,"17":0,"18":0,"19":0,"20":0,"21":0,"22":0,"23":0,"24":0,"25":0,"26":0,"27":0,"28":0,"29":0,"30":0,"31":0,"32":0,"33":0,"34":0,"35":0,"36":0,"37":0,"38":0,"39":0,"40":0,"41":0,"42":0,"43":0,"44":0,"45":0,"46":0,"47":0,"48":0,"49":0,"50":0,"51":0,"52":0,"53":0,"54":0,"55":0,"56":0,"57":0,"58":0,"59":0,"60":0,"61":0,"62":0,"63":0,"64":0,"65":0,"66":0,"67":0,"68":0,"69":0,"70":0,"71":0,"72":0,"73":0,"74":0,"75":0,"76":0,"77":0,"78":0,"79":0,"80":0,"81":0,"82":0,"83":0,"84":0,"85":0,"86":0,"87":0,"88":0,"89":0,"90":0,"91":0,"92":0,"93":0,"94":0,"95":0,"96":0,"97":0,"98":0,"99":0,"100":0,"101":0,"102":0,"103":0,"104":0,"105":0,"106":0,"107":0,"108":0,"109":0,"110":0,"111":0,"112":0,"113":0,"114":0,"115":0,"116":0,"117":0,"118":0,"119":0,"120":0,"121":0,"122":0,"123":0,"124":0,"125":0,"126":0,"127":0},"f":{"0":0,"1":0,"2":0,"3":0,"4":0,"5":0,"6":0,"7":0,"8":0},"b":{"0":[0,0],"1":[0,0],"2":[0,0],"3":[0,0],"4":[0,0],"5":[0,0],"6":[0,0],"7":[0,0],"8":[0,0],"9":[0,0],"10":[0,0],"11":[0,0],"12":[0,0],"13":[0,0],"14":[0,0],"15":[0,0],"16":[0,0],"17":[0,0],"18":[0,0],"19":[0,0],"20":[0,0],"21":[0,0],"22":[0,0],"23":[0,0],"24":[0,0],"25":[0,0],"26":[0],"27":[0,0],"28":[0,0]},"inputSourceMap":null}
}
