TN:
SF:api/prayerTimes.js
FN:4,handler
FN:40,(anonymous_1)
FNF:2
FNH:0
FNDA:0,handler
FNDA:0,(anonymous_1)
DA:5,0
DA:6,0
DA:7,0
DA:9,0
DA:10,0
DA:13,0
DA:14,0
DA:16,0
DA:25,0
DA:26,0
DA:27,0
DA:28,0
DA:29,0
DA:34,0
DA:35,0
DA:38,0
DA:40,0
DA:45,0
DA:46,0
LF:19
LH:0
BRDA:13,0,0,0
BRDA:13,0,1,0
BRDA:27,1,0,0
BRDA:27,1,1,0
BRDA:34,2,0,0
BRDA:34,2,1,0
BRF:6
BRH:0
end_of_record
TN:
SF:api/updateCalendar.js
FN:11,handler
FNF:1
FNH:0
FNDA:0,handler
DA:5,0
DA:7,0
DA:8,0
DA:12,0
DA:13,0
DA:16,0
DA:17,0
DA:20,0
DA:23,0
DA:25,0
DA:30,0
DA:33,0
DA:35,0
DA:40,0
DA:44,0
DA:45,0
DA:47,0
DA:49,0
DA:50,0
DA:53,0
DA:54,0
DA:56,0
DA:57,0
DA:60,0
DA:61,0
DA:67,0
DA:68,0
DA:69,0
DA:70,0
DA:75,0
DA:77,0
DA:78,0
DA:79,0
DA:81,0
DA:83,0
DA:84,0
DA:87,0
DA:88,0
DA:90,0
DA:92,0
DA:102,0
DA:106,0
DA:107,0
DA:109,0
DA:110,0
LF:45
LH:0
BRDA:7,0,0,0
BRDA:7,0,1,0
BRDA:16,1,0,0
BRDA:16,1,1,0
BRDA:40,2,0,0
BRDA:40,2,1,0
BRDA:44,3,0,0
BRDA:44,3,1,0
BRDA:45,4,0,0
BRDA:45,4,1,0
BRDA:49,5,0,0
BRDA:49,5,1,0
BRDA:49,6,0,0
BRDA:49,6,1,0
BRDA:56,7,0,0
BRDA:56,7,1,0
BRDA:68,8,0,0
BRDA:68,8,1,0
BRDA:83,9,0,0
BRDA:83,9,1,0
BRF:20
BRH:0
end_of_record
TN:
SF:audio-caster/adb_keepalive.js
FN:9,log
FN:13,run
FN:14,(anonymous_2)
FN:15,(anonymous_3)
FN:26,checkAndHeal
FN:51,(anonymous_5)
FNF:6
FNH:0
FNDA:0,log
FNDA:0,run
FNDA:0,(anonymous_2)
FNDA:0,(anonymous_3)
FNDA:0,checkAndHeal
FNDA:0,(anonymous_5)
DA:1,0
DA:2,0
DA:5,0
DA:7,0
DA:10,0
DA:14,0
DA:15,0
DA:16,0
DA:18,0
DA:20,0
DA:27,0
DA:28,0
DA:31,0
DA:32,0
DA:34,0
DA:36,0
DA:40,0
DA:43,0
DA:44,0
DA:45,0
DA:46,0
DA:50,0
DA:51,0
DA:53,0
DA:56,0
DA:59,0
DA:62,0
DA:63,0
DA:65,0
DA:69,0
DA:71,0
DA:75,0
DA:80,0
DA:81,0
DA:84,0
LF:35
LH:0
BRDA:5,0,0,0
BRDA:5,0,1,0
BRDA:16,1,0,0
BRDA:16,1,1,0
BRDA:20,2,0,0
BRDA:20,2,1,0
BRDA:43,3,0,0
BRDA:43,3,1,0
BRDA:50,4,0,0
BRDA:50,4,1,0
BRDA:51,5,0,0
BRDA:51,5,1,0
BRDA:53,6,0,0
BRDA:53,6,1,0
BRDA:65,7,0,0
BRDA:65,7,1,0
BRDA:66,8,0,0
BRDA:66,8,1,0
BRDA:66,8,2,0
BRF:19
BRH:0
end_of_record
TN:
SF:audio-caster/generate_preview.js
FN:14,run
FNF:1
FNH:0
FNDA:0,run
DA:1,0
DA:2,0
DA:3,0
DA:4,0
DA:7,0
DA:12,0
DA:15,0
DA:16,0
DA:19,0
DA:20,0
DA:22,0
DA:23,0
DA:24,0
DA:25,0
DA:26,0
DA:27,0
DA:28,0
DA:29,0
DA:33,0
DA:38,0
DA:40,0
DA:41,0
DA:44,0
LF:23
LH:0
BRDA:23,0,0,0
BRDA:23,0,1,0
BRDA:27,1,0,0
BRDA:27,1,1,0
BRDA:27,2,0,0
BRDA:27,2,1,0
BRDA:27,2,2,0
BRF:7
BRH:0
end_of_record
TN:
SF:audio-caster/generate_preview_scenarios.js
FN:11,runScenarios
FNF:1
FNH:0
FNDA:0,runScenarios
DA:1,0
DA:2,0
DA:3,0
DA:4,0
DA:6,0
DA:12,0
DA:13,0
DA:16,0
DA:17,0
DA:20,0
DA:21,0
DA:22,0
DA:26,0
DA:27,0
DA:31,0
DA:32,0
DA:35,0
DA:36,0
DA:40,0
DA:41,0
DA:44,0
DA:45,0
DA:49,0
DA:50,0
DA:53,0
DA:54,0
DA:58,0
DA:59,0
DA:62,0
LF:29
LH:0
BRDA:21,0,0,0
BRDA:21,0,1,0
BRF:2
BRH:0
end_of_record
TN:
SF:audio-caster/index.js
FN:15,(anonymous_0)
FN:21,findDevice
FN:22,(anonymous_2)
FN:25,(anonymous_3)
FN:43,(anonymous_4)
FN:44,(anonymous_5)
FN:55,(anonymous_6)
FN:68,(anonymous_7)
FN:75,(anonymous_8)
FN:81,(anonymous_9)
FN:94,(anonymous_10)
FN:102,(anonymous_11)
FN:142,(anonymous_12)
FN:153,(anonymous_13)
FNF:14
FNH:0
FNDA:0,(anonymous_0)
FNDA:0,findDevice
FNDA:0,(anonymous_2)
FNDA:0,(anonymous_3)
FNDA:0,(anonymous_4)
FNDA:0,(anonymous_5)
FNDA:0,(anonymous_6)
FNDA:0,(anonymous_7)
FNDA:0,(anonymous_8)
FNDA:0,(anonymous_9)
FNDA:0,(anonymous_10)
FNDA:0,(anonymous_11)
FNDA:0,(anonymous_12)
FNDA:0,(anonymous_13)
DA:1,0
DA:2,0
DA:3,0
DA:5,0
DA:6,0
DA:8,0
DA:10,0
DA:13,0
DA:15,0
DA:16,0
DA:17,0
DA:22,0
DA:25,0
DA:26,0
DA:27,0
DA:29,0
DA:30,0
DA:34,0
DA:35,0
DA:36,0
DA:39,0
DA:43,0
DA:44,0
DA:46,0
DA:47,0
DA:50,0
DA:55,0
DA:56,0
DA:57,0
DA:58,0
DA:60,0
DA:61,0
DA:64,0
DA:65,0
DA:66,0
DA:68,0
DA:75,0
DA:76,0
DA:77,0
DA:80,0
DA:82,0
DA:88,0
DA:89,0
DA:91,0
DA:92,0
DA:94,0
DA:98,0
DA:101,0
DA:103,0
DA:104,0
DA:120,0
DA:129,0
DA:130,0
DA:133,0
DA:135,0
DA:137,0
DA:142,0
DA:143,0
DA:144,0
DA:153,0
DA:154,0
DA:155,0
LF:62
LH:0
BRDA:22,0,0,0
BRDA:22,0,1,0
BRDA:29,1,0,0
BRDA:29,1,1,0
BRDA:34,2,0,0
BRDA:34,2,1,0
BRDA:34,3,0,0
BRDA:34,3,1,0
BRDA:34,3,2,0
BRDA:43,4,0,0
BRDA:43,4,1,0
BRDA:46,5,0,0
BRDA:46,5,1,0
BRDA:56,6,0,0
BRDA:56,6,1,0
BRDA:82,7,0,0
BRDA:82,7,1,0
BRDA:82,7,2,0
BRDA:88,8,0,0
BRDA:88,8,1,0
BRDA:89,9,0,0
BRDA:89,9,1,0
BRDA:91,10,0,0
BRDA:91,10,1,0
BRDA:130,11,0,0
BRDA:130,11,1,0
BRDA:133,12,0,0
BRDA:133,12,1,0
BRDA:143,13,0,0
BRDA:143,13,1,0
BRF:30
BRH:0
end_of_record
TN:
SF:audio-caster/reset_adb.js
FN:9,log
FN:13,run
FN:14,(anonymous_2)
FN:15,(anonymous_3)
FN:22,resetAdb
FN:28,(anonymous_5)
FN:29,(anonymous_6)
FN:76,(anonymous_7)
FNF:8
FNH:0
FNDA:0,log
FNDA:0,run
FNDA:0,(anonymous_2)
FNDA:0,(anonymous_3)
FNDA:0,resetAdb
FNDA:0,(anonymous_5)
FNDA:0,(anonymous_6)
FNDA:0,(anonymous_7)
DA:1,0
DA:2,0
DA:3,0
DA:4,0
DA:5,0
DA:7,0
DA:10,0
DA:14,0
DA:15,0
DA:16,0
DA:17,0
DA:23,0
DA:26,0
DA:27,0
DA:28,0
DA:29,0
DA:30,0
DA:31,0
DA:34,0
DA:36,0
DA:37,0
DA:38,0
DA:39,0
DA:43,0
DA:44,0
DA:47,0
DA:48,0
DA:49,0
DA:51,0
DA:52,0
DA:53,0
DA:54,0
DA:56,0
DA:60,0
DA:61,0
DA:64,0
DA:65,0
DA:66,0
DA:67,0
DA:70,0
DA:71,0
DA:72,0
DA:74,0
DA:75,0
DA:76,0
DA:77,0
DA:79,0
DA:83,0
LF:48
LH:0
BRDA:7,0,0,0
BRDA:7,0,1,0
BRDA:16,1,0,0
BRDA:16,1,1,0
BRDA:17,2,0,0
BRDA:17,2,1,0
BRDA:30,3,0,0
BRDA:30,3,1,0
BRDA:51,4,0,0
BRDA:51,4,1,0
BRDA:54,5,0,0
BRDA:54,5,1,0
BRDA:74,6,0,0
BRDA:74,6,1,0
BRDA:76,7,0,0
BRDA:76,7,1,0
BRDA:76,8,0,0
BRDA:76,8,1,0
BRF:18
BRH:0
end_of_record
TN:
SF:audio-caster/scheduler.js
FN:16,debugLog
FN:59,log
FN:63,getLocalIp
FN:82,ensureAudioCache
FN:90,(anonymous_4)
FN:118,(anonymous_5)
FN:138,generateVideoFile
FN:139,(anonymous_7)
FN:205,(anonymous_8)
FN:210,(anonymous_9)
FN:217,(anonymous_10)
FN:222,executePreFlightAndCast
FN:226,(anonymous_12)
FN:227,(anonymous_13)
FN:283,(anonymous_14)
FN:299,adbCommand
FN:300,(anonymous_16)
FN:301,(anonymous_17)
FN:315,(anonymous_18)
FN:328,(anonymous_19)
FN:341,(anonymous_20)
FN:362,verifyTvConnection
FN:376,checkTvMediaState
FN:419,(anonymous_23)
FN:437,findAdhanSpeaker
FN:442,(anonymous_25)
FN:454,(anonymous_26)
FN:461,(anonymous_27)
FN:477,(anonymous_28)
FN:504,(anonymous_29)
FN:531,(anonymous_30)
FN:538,(anonymous_31)
FN:548,castDuaImage
FN:565,(anonymous_33)
FN:575,(anonymous_34)
FN:585,(anonymous_35)
FN:604,(anonymous_36)
FN:615,(anonymous_37)
FN:624,(anonymous_38)
FN:642,proceedWithCast
FN:644,(anonymous_40)
FN:651,(anonymous_41)
FN:670,(anonymous_42)
FN:680,(anonymous_43)
FN:684,(anonymous_44)
FN:698,(anonymous_45)
FN:716,(anonymous_46)
FN:726,(anonymous_47)
FN:751,(anonymous_48)
FN:752,(anonymous_49)
FN:753,(anonymous_50)
FN:807,scheduleToday
FN:852,(anonymous_52)
FN:860,(anonymous_53)
FN:883,(anonymous_54)
FN:907,(anonymous_55)
FN:917,(anonymous_56)
FNF:57
FNH:0
FNDA:0,debugLog
FNDA:0,log
FNDA:0,getLocalIp
FNDA:0,ensureAudioCache
FNDA:0,(anonymous_4)
FNDA:0,(anonymous_5)
FNDA:0,generateVideoFile
FNDA:0,(anonymous_7)
FNDA:0,(anonymous_8)
FNDA:0,(anonymous_9)
FNDA:0,(anonymous_10)
FNDA:0,executePreFlightAndCast
FNDA:0,(anonymous_12)
FNDA:0,(anonymous_13)
FNDA:0,(anonymous_14)
FNDA:0,adbCommand
FNDA:0,(anonymous_16)
FNDA:0,(anonymous_17)
FNDA:0,(anonymous_18)
FNDA:0,(anonymous_19)
FNDA:0,(anonymous_20)
FNDA:0,verifyTvConnection
FNDA:0,checkTvMediaState
FNDA:0,(anonymous_23)
FNDA:0,findAdhanSpeaker
FNDA:0,(anonymous_25)
FNDA:0,(anonymous_26)
FNDA:0,(anonymous_27)
FNDA:0,(anonymous_28)
FNDA:0,(anonymous_29)
FNDA:0,(anonymous_30)
FNDA:0,(anonymous_31)
FNDA:0,castDuaImage
FNDA:0,(anonymous_33)
FNDA:0,(anonymous_34)
FNDA:0,(anonymous_35)
FNDA:0,(anonymous_36)
FNDA:0,(anonymous_37)
FNDA:0,(anonymous_38)
FNDA:0,proceedWithCast
FNDA:0,(anonymous_40)
FNDA:0,(anonymous_41)
FNDA:0,(anonymous_42)
FNDA:0,(anonymous_43)
FNDA:0,(anonymous_44)
FNDA:0,(anonymous_45)
FNDA:0,(anonymous_46)
FNDA:0,(anonymous_47)
FNDA:0,(anonymous_48)
FNDA:0,(anonymous_49)
FNDA:0,(anonymous_50)
FNDA:0,scheduleToday
FNDA:0,(anonymous_52)
FNDA:0,(anonymous_53)
FNDA:0,(anonymous_54)
FNDA:0,(anonymous_55)
FNDA:0,(anonymous_56)
DA:1,0
DA:2,0
DA:3,0
DA:4,0
DA:5,0
DA:6,0
DA:7,0
DA:8,0
DA:9,0
DA:10,0
DA:11,0
DA:12,0
DA:13,0
DA:15,0
DA:17,0
DA:20,0
DA:23,0
DA:54,0
DA:55,0
DA:56,0
DA:60,0
DA:65,0
DA:66,0
DA:70,0
DA:71,0
DA:72,0
DA:73,0
DA:74,0
DA:78,0
DA:83,0
DA:87,0
DA:90,0
DA:91,0
DA:94,0
DA:95,0
DA:96,0
DA:97,0
DA:98,0
DA:99,0
DA:100,0
DA:101,0
DA:103,0
DA:109,0
DA:110,0
DA:113,0
DA:114,0
DA:115,0
DA:118,0
DA:119,0
DA:120,0
DA:123,0
DA:124,0
DA:129,0
DA:130,0
DA:132,0
DA:133,0
DA:139,0
DA:140,0
DA:141,0
DA:144,0
DA:146,0
DA:147,0
DA:149,0
DA:151,0
DA:154,0
DA:155,0
DA:156,0
DA:157,0
DA:158,0
DA:159,0
DA:160,0
DA:161,0
DA:162,0
DA:163,0
DA:164,0
DA:168,0
DA:171,0
DA:173,0
DA:174,0
DA:180,0
DA:182,0
DA:186,0
DA:188,0
DA:206,0
DA:207,0
DA:208,0
DA:211,0
DA:212,0
DA:217,0
DA:218,0
DA:225,0
DA:226,0
DA:227,0
DA:230,0
DA:231,0
DA:234,0
DA:235,0
DA:238,0
DA:239,0
DA:241,0
DA:244,0
DA:246,0
DA:249,0
DA:252,0
DA:253,0
DA:254,0
DA:255,0
DA:259,0
DA:261,0
DA:264,0
DA:270,0
DA:271,0
DA:273,0
DA:274,0
DA:279,0
DA:280,0
DA:281,0
DA:282,0
DA:283,0
DA:287,0
DA:289,0
DA:290,0
DA:293,0
DA:296,0
DA:297,0
DA:300,0
DA:301,0
DA:302,0
DA:304,0
DA:312,0
DA:315,0
DA:316,0
DA:317,0
DA:320,0
DA:321,0
DA:325,0
DA:330,0
DA:332,0
DA:336,0
DA:337,0
DA:340,0
DA:341,0
DA:346,0
DA:349,0
DA:350,0
DA:353,0
DA:355,0
DA:363,0
DA:364,0
DA:365,0
DA:366,0
DA:368,0
DA:372,0
DA:373,0
DA:374,0
DA:377,0
DA:379,0
DA:380,0
DA:384,0
DA:385,0
DA:387,0
DA:391,0
DA:394,0
DA:396,0
DA:400,0
DA:401,0
DA:404,0
DA:407,0
DA:409,0
DA:410,0
DA:416,0
DA:417,0
DA:419,0
DA:420,0
DA:421,0
DA:422,0
DA:423,0
DA:424,0
DA:425,0
DA:427,0
DA:428,0
DA:429,0
DA:430,0
DA:435,0
DA:438,0
DA:439,0
DA:440,0
DA:441,0
DA:442,0
DA:443,0
DA:444,0
DA:445,0
DA:449,0
DA:450,0
DA:451,0
DA:452,0
DA:454,0
DA:455,0
DA:457,0
DA:461,0
DA:462,0
DA:465,0
DA:466,0
DA:467,0
DA:469,0
DA:472,0
DA:477,0
DA:478,0
DA:481,0
DA:482,0
DA:484,0
DA:487,0
DA:488,0
DA:489,0
DA:493,0
DA:494,0
DA:495,0
DA:498,0
DA:499,0
DA:500,0
DA:501,0
DA:504,0
DA:505,0
DA:506,0
DA:507,0
DA:508,0
DA:512,0
DA:513,0
DA:514,0
DA:518,0
DA:521,0
DA:522,0
DA:524,0
DA:525,0
DA:529,0
DA:530,0
DA:531,0
DA:536,0
DA:537,0
DA:538,0
DA:539,0
DA:540,0
DA:541,0
DA:544,0
DA:549,0
DA:550,0
DA:561,0
DA:563,0
DA:565,0
DA:566,0
DA:567,0
DA:569,0
DA:570,0
DA:572,0
DA:575,0
DA:576,0
DA:577,0
DA:578,0
DA:584,0
DA:585,0
DA:586,0
DA:587,0
DA:588,0
DA:591,0
DA:595,0
DA:596,0
DA:597,0
DA:598,0
DA:601,0
DA:602,0
DA:604,0
DA:605,0
DA:606,0
DA:609,0
DA:615,0
DA:616,0
DA:618,0
DA:620,0
DA:621,0
DA:622,0
DA:623,0
DA:624,0
DA:625,0
DA:626,0
DA:627,0
DA:628,0
DA:629,0
DA:631,0
DA:635,0
DA:639,0
DA:644,0
DA:645,0
DA:646,0
DA:647,0
DA:651,0
DA:652,0
DA:653,0
DA:655,0
DA:657,0
DA:670,0
DA:671,0
DA:672,0
DA:673,0
DA:675,0
DA:676,0
DA:680,0
DA:682,0
DA:684,0
DA:685,0
DA:686,0
DA:694,0
DA:695,0
DA:696,0
DA:698,0
DA:699,0
DA:701,0
DA:702,0
DA:703,0
DA:704,0
DA:707,0
DA:708,0
DA:709,0
DA:713,0
DA:716,0
DA:717,0
DA:718,0
DA:723,0
DA:724,0
DA:726,0
DA:727,0
DA:729,0
DA:732,0
DA:734,0
DA:735,0
DA:736,0
DA:740,0
DA:745,0
DA:746,0
DA:747,0
DA:750,0
DA:751,0
DA:752,0
DA:753,0
DA:755,0
DA:756,0
DA:757,0
DA:762,0
DA:765,0
DA:767,0
DA:770,0
DA:771,0
DA:777,0
DA:778,0
DA:782,0
DA:783,0
DA:784,0
DA:785,0
DA:790,0
DA:791,0
DA:795,0
DA:808,0
DA:815,0
DA:816,0
DA:817,0
DA:819,0
DA:823,0
DA:826,0
DA:827,0
DA:828,0
DA:829,0
DA:830,0
DA:831,0
DA:832,0
DA:833,0
DA:835,0
DA:836,0
DA:841,0
DA:844,0
DA:845,0
DA:846,0
DA:848,0
DA:849,0
DA:852,0
DA:853,0
DA:855,0
DA:856,0
DA:858,0
DA:860,0
DA:861,0
DA:862,0
DA:863,0
DA:865,0
DA:868,0
DA:869,0
DA:872,0
DA:873,0
DA:876,0
DA:879,0
DA:880,0
DA:883,0
DA:884,0
DA:887,0
DA:892,0
DA:893,0
DA:896,0
DA:899,0
DA:900,0
DA:903,0
DA:906,0
DA:907,0
DA:909,0
DA:912,0
DA:913,0
DA:915,0
DA:917,0
DA:918,0
DA:920,0
LF:417
LH:0
BRDA:17,0,0,0
BRDA:17,0,1,0
BRDA:25,1,0,0
BRDA:25,1,1,0
BRDA:26,2,0,0
BRDA:26,2,1,0
BRDA:27,3,0,0
BRDA:27,3,1,0
BRDA:28,4,0,0
BRDA:28,4,1,0
BRDA:31,5,0,0
BRDA:31,5,1,0
BRDA:50,6,0,0
BRDA:50,6,1,0
BRDA:51,7,0,0
BRDA:51,7,1,0
BRDA:65,8,0,0
BRDA:65,8,1,0
BRDA:73,9,0,0
BRDA:73,9,1,0
BRDA:73,10,0,0
BRDA:73,10,1,0
BRDA:83,11,0,0
BRDA:83,11,1,0
BRDA:96,12,0,0
BRDA:96,12,1,0
BRDA:146,13,0,0
BRDA:146,13,1,0
BRDA:151,14,0,0
BRDA:151,14,1,0
BRDA:157,15,0,0
BRDA:157,15,1,0
BRDA:161,16,0,0
BRDA:161,16,1,0
BRDA:161,17,0,0
BRDA:161,17,1,0
BRDA:161,17,2,0
BRDA:164,18,0,0
BRDA:164,18,1,0
BRDA:230,19,0,0
BRDA:230,19,1,0
BRDA:234,20,0,0
BRDA:234,20,1,0
BRDA:238,21,0,0
BRDA:238,21,1,0
BRDA:252,22,0,0
BRDA:252,22,1,0
BRDA:259,23,0,0
BRDA:259,23,1,0
BRDA:279,24,0,0
BRDA:279,24,1,0
BRDA:281,25,0,0
BRDA:281,25,1,0
BRDA:296,26,0,0
BRDA:296,26,1,0
BRDA:299,27,0,0
BRDA:302,28,0,0
BRDA:302,28,1,0
BRDA:302,29,0,0
BRDA:302,29,1,0
BRDA:302,29,2,0
BRDA:304,30,0,0
BRDA:304,30,1,0
BRDA:305,31,0,0
BRDA:305,31,1,0
BRDA:305,31,2,0
BRDA:305,31,3,0
BRDA:305,31,4,0
BRDA:305,31,5,0
BRDA:305,31,6,0
BRDA:316,32,0,0
BRDA:316,32,1,0
BRDA:330,33,0,0
BRDA:330,33,1,0
BRDA:330,34,0,0
BRDA:330,34,1,0
BRDA:332,35,0,0
BRDA:332,35,1,0
BRDA:333,36,0,0
BRDA:333,36,1,0
BRDA:349,37,0,0
BRDA:349,37,1,0
BRDA:349,38,0,0
BRDA:349,38,1,0
BRDA:364,39,0,0
BRDA:364,39,1,0
BRDA:380,40,0,0
BRDA:380,40,1,0
BRDA:381,41,0,0
BRDA:381,41,1,0
BRDA:381,41,2,0
BRDA:387,42,0,0
BRDA:387,42,1,0
BRDA:388,43,0,0
BRDA:388,43,1,0
BRDA:388,43,2,0
BRDA:396,44,0,0
BRDA:396,44,1,0
BRDA:397,45,0,0
BRDA:397,45,1,0
BRDA:397,45,2,0
BRDA:405,46,0,0
BRDA:405,46,1,0
BRDA:405,47,0,0
BRDA:405,47,1,0
BRDA:420,48,0,0
BRDA:420,48,1,0
BRDA:427,49,0,0
BRDA:427,49,1,0
BRDA:455,50,0,0
BRDA:455,50,1,0
BRDA:455,51,0,0
BRDA:455,51,1,0
BRDA:462,52,0,0
BRDA:462,52,1,0
BRDA:465,53,0,0
BRDA:465,53,1,0
BRDA:478,54,0,0
BRDA:478,54,1,0
BRDA:481,55,0,0
BRDA:481,55,1,0
BRDA:484,56,0,0
BRDA:484,56,1,0
BRDA:493,57,0,0
BRDA:493,57,1,0
BRDA:506,58,0,0
BRDA:506,58,1,0
BRDA:508,59,0,0
BRDA:508,59,1,0
BRDA:513,60,0,0
BRDA:513,60,1,0
BRDA:521,61,0,0
BRDA:521,61,1,0
BRDA:522,62,0,0
BRDA:522,62,1,0
BRDA:525,63,0,0
BRDA:525,63,1,0
BRDA:529,64,0,0
BRDA:529,64,1,0
BRDA:536,65,0,0
BRDA:536,65,1,0
BRDA:536,66,0,0
BRDA:536,66,1,0
BRDA:539,67,0,0
BRDA:539,67,1,0
BRDA:561,68,0,0
BRDA:561,68,1,0
BRDA:566,69,0,0
BRDA:566,69,1,0
BRDA:587,70,0,0
BRDA:587,70,1,0
BRDA:588,71,0,0
BRDA:588,71,1,0
BRDA:591,72,0,0
BRDA:591,72,1,0
BRDA:595,73,0,0
BRDA:595,73,1,0
BRDA:621,74,0,0
BRDA:621,74,1,0
BRDA:626,75,0,0
BRDA:626,75,1,0
BRDA:645,76,0,0
BRDA:645,76,1,0
BRDA:645,77,0,0
BRDA:645,77,1,0
BRDA:645,77,2,0
BRDA:652,78,0,0
BRDA:652,78,1,0
BRDA:671,79,0,0
BRDA:671,79,1,0
BRDA:682,80,0,0
BRDA:682,80,1,0
BRDA:685,81,0,0
BRDA:685,81,1,0
BRDA:701,82,0,0
BRDA:701,82,1,0
BRDA:701,83,0,0
BRDA:701,83,1,0
BRDA:707,84,0,0
BRDA:707,84,1,0
BRDA:707,85,0,0
BRDA:707,85,1,0
BRDA:727,86,0,0
BRDA:727,86,1,0
BRDA:727,87,0,0
BRDA:727,87,1,0
BRDA:732,88,0,0
BRDA:732,88,1,0
BRDA:740,89,0,0
BRDA:740,89,1,0
BRDA:741,90,0,0
BRDA:741,90,1,0
BRDA:741,90,2,0
BRDA:756,91,0,0
BRDA:756,91,1,0
BRDA:771,92,0,0
BRDA:771,92,1,0
BRDA:772,93,0,0
BRDA:772,93,1,0
BRDA:772,93,2,0
BRDA:772,93,3,0
BRDA:782,94,0,0
BRDA:782,94,1,0
BRDA:790,95,0,0
BRDA:790,95,1,0
BRDA:790,96,0,0
BRDA:790,96,1,0
BRDA:815,97,0,0
BRDA:815,97,1,0
BRDA:826,98,0,0
BRDA:826,98,1,0
BRDA:826,99,0,0
BRDA:826,99,1,0
BRDA:849,100,0,0
BRDA:849,100,1,0
BRDA:853,101,0,0
BRDA:853,101,1,0
BRDA:868,102,0,0
BRDA:868,102,1,0
BRDA:872,103,0,0
BRDA:872,103,1,0
BRDA:879,104,0,0
BRDA:879,104,1,0
BRDA:899,105,0,0
BRDA:899,105,1,0
BRDA:909,106,0,0
BRDA:909,106,1,0
BRDA:912,107,0,0
BRDA:912,107,1,0
BRF:229
BRH:0
end_of_record
TN:
SF:audio-caster/test_adb.js
FN:6,log
FN:10,adbCommand
FN:11,(anonymous_2)
FN:13,(anonymous_3)
FN:25,runTest
FN:33,(anonymous_5)
FN:46,(anonymous_6)
FN:64,(anonymous_7)
FN:81,(anonymous_8)
FNF:9
FNH:0
FNDA:0,log
FNDA:0,adbCommand
FNDA:0,(anonymous_2)
FNDA:0,(anonymous_3)
FNDA:0,runTest
FNDA:0,(anonymous_5)
FNDA:0,(anonymous_6)
FNDA:0,(anonymous_7)
FNDA:0,(anonymous_8)
DA:1,0
DA:2,0
DA:4,0
DA:7,0
DA:11,0
DA:12,0
DA:13,0
DA:14,0
DA:15,0
DA:17,0
DA:20,0
DA:26,0
DA:29,0
DA:30,0
DA:31,0
DA:33,0
DA:34,0
DA:35,0
DA:39,0
DA:41,0
DA:42,0
DA:43,0
DA:47,0
DA:52,0
DA:53,0
DA:55,0
DA:59,0
DA:60,0
DA:61,0
DA:65,0
DA:69,0
DA:70,0
DA:72,0
DA:76,0
DA:77,0
DA:78,0
DA:80,0
DA:81,0
DA:83,0
DA:84,0
DA:86,0
DA:89,0
LF:42
LH:0
BRDA:4,0,0,0
BRDA:4,0,1,0
BRDA:14,1,0,0
BRDA:14,1,1,0
BRDA:17,2,0,0
BRDA:17,2,1,0
BRDA:17,3,0,0
BRDA:17,3,1,0
BRDA:20,4,0,0
BRDA:20,4,1,0
BRDA:33,5,0,0
BRDA:33,5,1,0
BRDA:33,6,0,0
BRDA:33,6,1,0
BRDA:47,7,0,0
BRDA:47,7,1,0
BRDA:47,7,2,0
BRDA:47,7,3,0
BRDA:52,8,0,0
BRDA:52,8,1,0
BRDA:65,9,0,0
BRDA:65,9,1,0
BRDA:65,9,2,0
BRDA:69,10,0,0
BRDA:69,10,1,0
BRF:25
BRH:0
end_of_record
TN:
SF:audio-caster/test_cast.js
FN:9,(anonymous_0)
FN:17,(anonymous_1)
FN:26,(anonymous_2)
FNF:3
FNH:0
FNDA:0,(anonymous_0)
FNDA:0,(anonymous_1)
FNDA:0,(anonymous_2)
DA:1,0
DA:3,0
DA:4,0
DA:6,0
DA:7,0
DA:9,0
DA:10,0
DA:11,0
DA:12,0
DA:13,0
DA:14,0
DA:17,0
DA:18,0
DA:19,0
DA:26,0
DA:27,0
DA:28,0
DA:29,0
DA:30,0
DA:31,0
DA:33,0
DA:35,0
LF:22
LH:0
BRDA:14,0,0,0
BRDA:14,0,1,0
BRDA:18,1,0,0
BRDA:18,1,1,0
BRDA:18,2,0,0
BRDA:18,2,1,0
BRDA:20,3,0,0
BRDA:20,3,1,0
BRDA:20,4,0,0
BRDA:20,4,1,0
BRDA:28,5,0,0
BRDA:28,5,1,0
BRF:12
BRH:0
end_of_record
TN:
SF:audio-caster/test_network.js
FN:11,(anonymous_0)
FN:27,checkPort
FN:32,(anonymous_2)
FN:39,(anonymous_3)
FN:48,(anonymous_4)
FNF:5
FNH:0
FNDA:0,(anonymous_0)
FNDA:0,checkPort
FNDA:0,(anonymous_2)
FNDA:0,(anonymous_3)
FNDA:0,(anonymous_4)
DA:1,0
DA:2,0
DA:3,0
DA:5,0
DA:7,0
DA:10,0
DA:11,0
DA:12,0
DA:13,0
DA:14,0
DA:15,0
DA:18,0
DA:21,0
DA:24,0
DA:28,0
DA:29,0
DA:30,0
DA:32,0
DA:33,0
DA:34,0
DA:35,0
DA:36,0
DA:39,0
DA:40,0
DA:41,0
DA:42,0
DA:45,0
DA:48,0
DA:49,0
DA:50,0
DA:51,0
DA:52,0
DA:56,0
LF:33
LH:0
BRDA:5,0,0,0
BRDA:5,0,1,0
BRDA:12,1,0,0
BRDA:12,1,1,0
BRDA:21,2,0,0
BRDA:21,2,1,0
BRDA:50,3,0,0
BRDA:50,3,1,0
BRF:8
BRH:0
end_of_record
TN:
SF:audio-caster/visual_generator.js
FN:8,(anonymous_0)
FN:19,(anonymous_1)
FN:31,(anonymous_2)
FN:49,(anonymous_3)
FN:72,(anonymous_4)
FN:77,(anonymous_5)
FN:100,(anonymous_6)
FN:117,(anonymous_7)
FN:158,(anonymous_8)
FNF:9
FNH:0
FNDA:0,(anonymous_0)
FNDA:0,(anonymous_1)
FNDA:0,(anonymous_2)
FNDA:0,(anonymous_3)
FNDA:0,(anonymous_4)
FNDA:0,(anonymous_5)
FNDA:0,(anonymous_6)
FNDA:0,(anonymous_7)
FNDA:0,(anonymous_8)
DA:1,0
DA:2,0
DA:3,0
DA:4,0
DA:5,0
DA:9,0
DA:11,0
DA:12,0
DA:13,0
DA:14,0
DA:21,0
DA:22,0
DA:26,0
DA:27,0
DA:33,0
DA:34,0
DA:35,0
DA:36,0
DA:38,0
DA:39,0
DA:40,0
DA:42,0
DA:43,0
DA:45,0
DA:50,0
DA:51,0
DA:52,0
DA:53,0
DA:56,0
DA:57,0
DA:61,0
DA:62,0
DA:63,0
DA:65,0
DA:66,0
DA:71,0
DA:72,0
DA:77,0
DA:79,0
DA:82,0
DA:83,0
DA:85,0
DA:89,0
DA:90,0
DA:91,0
DA:95,0
DA:96,0
DA:97,0
DA:101,0
DA:103,0
DA:104,0
DA:105,0
DA:106,0
DA:112,0
DA:113,0
DA:119,0
DA:120,0
DA:121,0
DA:126,0
DA:151,0
DA:152,0
DA:153,0
DA:155,0
DA:159,0
DA:161,0
DA:162,0
DA:165,0
DA:168,0
DA:169,0
DA:171,0
DA:173,0
DA:174,0
DA:179,0
DA:180,0
DA:181,0
DA:182,0
DA:185,0
DA:186,0
DA:187,0
DA:188,0
DA:189,0
DA:190,0
DA:193,0
DA:194,0
DA:197,0
DA:198,0
DA:199,0
DA:200,0
DA:204,0
DA:205,0
DA:209,0
DA:210,0
DA:213,0
DA:214,0
DA:217,0
DA:218,0
DA:221,0
DA:222,0
DA:225,0
DA:226,0
DA:229,0
DA:230,0
DA:232,0
DA:233,0
DA:237,0
DA:238,0
DA:240,0
DA:241,0
DA:244,0
DA:245,0
DA:246,0
DA:249,0
DA:250,0
DA:252,0
DA:255,0
DA:258,0
DA:259,0
DA:261,0
DA:265,0
LF:119
LH:0
BRDA:21,0,0,0
BRDA:21,0,1,0
BRDA:26,1,0,0
BRDA:26,1,1,0
BRDA:39,2,0,0
BRDA:39,2,1,0
BRDA:51,3,0,0
BRDA:51,3,1,0
BRDA:61,4,0,0
BRDA:61,4,1,0
BRDA:61,5,0,0
BRDA:61,5,1,0
BRDA:62,6,0,0
BRDA:62,6,1,0
BRDA:65,7,0,0
BRDA:65,7,1,0
BRDA:71,8,0,0
BRDA:71,8,1,0
BRDA:71,9,0,0
BRDA:71,9,1,0
BRDA:79,10,0,0
BRDA:79,10,1,0
BRDA:82,11,0,0
BRDA:82,11,1,0
BRDA:83,12,0,0
BRDA:83,12,1,0
BRDA:83,13,0,0
BRDA:83,13,1,0
BRDA:89,14,0,0
BRDA:89,14,1,0
BRDA:119,15,0,0
BRDA:119,15,1,0
BRDA:120,16,0,0
BRDA:120,16,1,0
BRDA:121,17,0,0
BRDA:121,17,1,0
BRDA:121,18,0,0
BRDA:121,18,1,0
BRDA:151,19,0,0
BRDA:151,19,1,0
BRDA:151,20,0,0
BRDA:151,20,1,0
BRDA:152,21,0,0
BRDA:152,21,1,0
BRDA:152,22,0,0
BRDA:152,22,1,0
BRDA:153,23,0,0
BRDA:153,23,1,0
BRDA:153,24,0,0
BRDA:153,24,1,0
BRDA:155,25,0,0
BRDA:155,25,1,0
BRDA:158,26,0,0
BRDA:173,27,0,0
BRDA:173,27,1,0
BRDA:229,28,0,0
BRDA:229,28,1,0
BRF:57
BRH:0
end_of_record
